
Wed Dec 22 09:28:25 2021
D:\app\sarat\product\11.2.0\dbhome_1\bin\oradim.exe -startup -sid orcl -usrpwd *  -log oradim.log -nocheck 0 

Wed Dec 22 09:28:55 2021
D:\app\sarat\product\11.2.0\dbhome_1\bin\oradim.exe -shutdown -sid orcl -usrpwd * -shutmode immediate -log oradim.log 

Wed Dec 22 09:29:04 2021
D:\app\sarat\product\11.2.0\dbhome_1\bin\oradim.exe -startup -sid orcl -usrpwd *  -log oradim.log -nocheck 0 

Wed Dec 22 09:29:21 2021
D:\app\sarat\product\11.2.0\dbhome_1\bin\oradim.exe -shutdown -sid orcl -usrpwd * -shutmode immediate -log oradim.log 

Wed Dec 22 09:29:42 2021
D:\app\sarat\product\11.2.0\dbhome_1\bin\oradim.exe -startup -sid orcl -usrpwd *  -log oradim.log -nocheck 0 

Thu Dec 23 10:23:15 2021
D:\app\sarat\product\11.2.0\dbhome_1\bin\oradim.exe -startup -sid orcl -usrpwd *  -log oradim.log -nocheck 0 

Thu Dec 30 16:13:36 2021
D:\app\sarat\product\11.2.0\dbhome_1\bin\oradim.exe -startup -sid orcl -usrpwd *  -log oradim.log -nocheck 0 

Fri Dec 31 11:53:46 2021
D:\app\sarat\product\11.2.0\dbhome_1\bin\oradim.exe -startup -sid orcl -usrpwd *  -log oradim.log -nocheck 0 

Fri Jan 07 15:20:39 2022
D:\app\sarat\product\11.2.0\dbhome_1\bin\oradim.exe -startup -sid orcl -usrpwd *  -log oradim.log -nocheck 0 

Mon Jan 10 15:09:00 2022
D:\app\sarat\product\11.2.0\dbhome_1\bin\oradim.exe -startup -sid orcl -usrpwd *  -log oradim.log -nocheck 0 

Wed Jan 12 09:17:15 2022
D:\app\sarat\product\11.2.0\dbhome_1\bin\oradim.exe -startup -sid orcl -usrpwd *  -log oradim.log -nocheck 0 

Tue Feb 01 20:54:24 2022
D:\app\sarat\product\11.2.0\dbhome_1\bin\oradim.exe -startup -sid orcl -usrpwd *  -log oradim.log -nocheck 0 

Tue Feb 01 20:58:27 2022
D:\app\sarat\product\11.2.0\dbhome_1\bin\oradim.exe -startup -sid nov30a -usrpwd *  -log oradim.log -nocheck 0 

Wed Feb 02 09:15:27 2022
D:\app\sarat\product\11.2.0\dbhome_1\bin\oradim.exe -startup -sid nov30a -usrpwd *  -log oradim.log -nocheck 0 

Wed Feb 02 09:15:40 2022
D:\app\sarat\product\11.2.0\dbhome_1\bin\oradim.exe -startup -sid orcl -usrpwd *  -log oradim.log -nocheck 0 

Thu Feb 03 09:29:24 2022
D:\app\sarat\product\11.2.0\dbhome_1\bin\oradim.exe -startup -sid nov30a -usrpwd *  -log oradim.log -nocheck 0 

Thu Feb 03 09:29:34 2022
D:\app\sarat\product\11.2.0\dbhome_1\bin\oradim.exe -startup -sid orcl -usrpwd *  -log oradim.log -nocheck 0 

Fri Feb 04 15:56:40 2022
D:\app\sarat\product\11.2.0\dbhome_1\bin\oradim.exe -startup -sid nov30a -usrpwd *  -log oradim.log -nocheck 0 

Fri Feb 04 15:56:52 2022
D:\app\sarat\product\11.2.0\dbhome_1\bin\oradim.exe -startup -sid orcl -usrpwd *  -log oradim.log -nocheck 0 

Fri Mar 11 12:24:30 2022
D:\app\sarat\product\11.2.0\dbhome_1\bin\oradim.exe -startup -sid nov30a -usrpwd *  -log oradim.log -nocheck 0 

Sat Mar 26 20:56:03 2022
D:\app\sarat\product\11.2.0\dbhome_1\bin\oradim.exe -startup -sid nov30a -usrpwd *  -log oradim.log -nocheck 0 

Wed Apr 27 15:00:58 2022
D:\app\sarat\product\11.2.0\dbhome_1\bin\oradim.exe -startup -sid nov30a -usrpwd *  -log oradim.log -nocheck 0 

Tue May 10 10:36:52 2022
D:\app\sarat\product\11.2.0\dbhome_1\bin\oradim.exe -startup -sid nov30a -usrpwd *  -log oradim.log -nocheck 0 

Wed May 11 20:36:08 2022
D:\app\sarat\product\11.2.0\dbhome_1\bin\oradim.exe -startup -sid nov30a -usrpwd *  -log oradim.log -nocheck 0 

Sun May 15 12:07:39 2022
D:\app\sarat\product\11.2.0\dbhome_1\bin\oradim.exe -startup -sid nov30a -usrpwd *  -log oradim.log -nocheck 0 

Mon May 16 11:50:40 2022
D:\app\sarat\product\11.2.0\dbhome_1\bin\oradim.exe -startup -sid nov30a -usrpwd *  -log oradim.log -nocheck 0 

Sun May 29 13:49:07 2022
D:\app\sarat\product\11.2.0\dbhome_1\bin\oradim.exe -startup -sid nov30a -usrpwd *  -log oradim.log -nocheck 0 

Wed Jun 01 22:28:52 2022
D:\app\sarat\product\11.2.0\dbhome_1\bin\oradim.exe -startup -sid nov30a -usrpwd *  -log oradim.log -nocheck 0 

Fri Jun 17 17:21:13 2022
D:\app\sarat\product\11.2.0\dbhome_1\bin\oradim.exe -startup -sid nov30a -usrpwd *  -log oradim.log -nocheck 0 

Thu Jul 21 08:43:34 2022
D:\app\sarat\product\11.2.0\dbhome_1\bin\oradim.exe -startup -sid nov30a -usrpwd *  -log oradim.log -nocheck 0 

Sat Jul 23 06:43:35 2022
D:\app\sarat\product\11.2.0\dbhome_1\bin\oradim.exe -startup -sid nov30a -usrpwd *  -log oradim.log -nocheck 0 

Mon Aug 08 08:06:40 2022
D:\app\sarat\product\11.2.0\dbhome_1\bin\oradim.exe -startup -sid nov30a -usrpwd *  -log oradim.log -nocheck 0 

Wed Aug 17 03:20:43 2022
D:\app\sarat\product\11.2.0\dbhome_1\bin\oradim.exe -startup -sid nov30a -usrpwd *  -log oradim.log -nocheck 0 

Fri Sep 09 08:43:56 2022
D:\app\sarat\product\11.2.0\dbhome_1\bin\oradim.exe -startup -sid nov30a -usrpwd *  -log oradim.log -nocheck 0 

Sat Sep 17 06:41:28 2022
D:\app\sarat\product\11.2.0\dbhome_1\bin\oradim.exe -startup -sid nov30a -usrpwd *  -log oradim.log -nocheck 0 

Fri Sep 30 17:03:38 2022
D:\app\sarat\product\11.2.0\dbhome_1\bin\oradim.exe -startup -sid nov30a -usrpwd *  -log oradim.log -nocheck 0 

Wed Oct 05 12:39:33 2022
D:\app\sarat\product\11.2.0\dbhome_1\bin\oradim.exe -startup -sid nov30a -usrpwd *  -log oradim.log -nocheck 0 

Tue Oct 11 10:23:10 2022
D:\app\sarat\product\11.2.0\dbhome_1\bin\oradim.exe -startup -sid nov30a -usrpwd *  -log oradim.log -nocheck 0 
