#
# There is insufficient memory for the Java Runtime Environment to continue.
# Native memory allocation (malloc) failed to allocate 524288 bytes for AllocateHeap
# Possible reasons:
#   The system is out of physical RAM or swap space
#   The process is running with CompressedOops enabled, and the Java Heap may be blocking the growth of the native heap
# Possible solutions:
#   Reduce memory load on the system
#   Increase physical memory or swap space
#   Check if swap backing store is full
#   Decrease Java heap size (-Xmx/-Xms)
#   Decrease number of Java threads
#   Decrease Java thread stack sizes (-Xss)
#   Set larger code cache with -XX:ReservedCodeCacheSize=
#   JVM is running with Zero Based Compressed Oops mode in which the Java heap is
#     placed in the first 32GB address space. The Java Heap base address is the
#     maximum limit for the native heap growth. Please use -XX:HeapBaseMinAddress
#     to set the Java Heap base and to place the Java Heap above 32GB virtual address.
# This output file may be truncated or incomplete.
#
#  Out of Memory Error (./src/hotspot/share/memory/allocation.cpp:46), pid=14496, tid=10800
#
# JRE version:  (11.0.13) (build )
# Java VM: OpenJDK 64-Bit Server VM (11.0.13+0-b1751.21-8125866, mixed mode, tiered, compressed oops, g1 gc, windows-amd64)
# No core dump will be written. Minidumps are not enabled by default on client versions of Windows
#

---------------  S U M M A R Y ------------

Command Line: -Dorg.gradle.appname=gradlew org.gradle.wrapper.GradleWrapperMain -q -Ptarget-platform=android-x86 -Ptarget=D:\app\lib\main.dart -Pbase-application-name=android.app.Application -Pdart-defines=Zmx1dHRlci5pbnNwZWN0b3Iuc3RydWN0dXJlZEVycm9ycz10cnVl,RkxVVFRFUl9XRUJfQVVUT19ERVRFQ1Q9dHJ1ZQ== -Pdart-obfuscation=false -Ptrack-widget-creation=true -Ptree-shake-icons=false -Pfilesystem-scheme=org-dartlang-root assembleDebug

Host: 11th Gen Intel(R) Core(TM) i7-11370H @ 3.30GHz, 8 cores, 15G,  Windows 11 , 64 bit Build 22621 (10.0.22621.608)
Time: Sat Oct 29 17:51:07 2022 India Standard Time elapsed time: 0.028671 seconds (0d 0h 0m 0s)

---------------  T H R E A D  ---------------

Current thread (0x000002c953158000):  JavaThread "Unknown thread" [_thread_in_vm, id=10800, stack(0x000000fab0a00000,0x000000fab0b00000)]

Stack: [0x000000fab0a00000,0x000000fab0b00000]
Native frames: (J=compiled Java code, j=interpreted, Vv=VM code, C=native code)
V  [jvm.dll+0x6100fa]
V  [jvm.dll+0x747090]
V  [jvm.dll+0x7486ad]
V  [jvm.dll+0x748d83]
V  [jvm.dll+0x24ab48]
V  [jvm.dll+0xb7984]
V  [jvm.dll+0x6a037f]
V  [jvm.dll+0x6a0317]
V  [jvm.dll+0x6a049a]
V  [jvm.dll+0x723812]
V  [jvm.dll+0x725c37]
V  [jvm.dll+0x364629]
V  [jvm.dll+0x707cee]
V  [jvm.dll+0x3d2633]
V  [jvm.dll+0x3d4a21]
C  [jli.dll+0x536b]
C  [ucrtbase.dll+0x29363]
C  [KERNEL32.DLL+0x1244d]
C  [ntdll.dll+0x5df78]


---------------  P R O C E S S  ---------------

Threads class SMR info:
_java_thread_list=0x000002c950ff5750, length=0, elements={
}

Java Threads: ( => current thread )

Other Threads:
  0x000002c95316e800 GCTaskThread "GC Thread#0" [stack: 0x000000fab0b00000,0x000000fab0c00000] [id=19940]
  0x000002c9531cc000 ConcurrentGCThread "G1 Main Marker" [stack: 0x000000fab0c00000,0x000000fab0d00000] [id=15936]
  0x000002c9531cf000 ConcurrentGCThread "G1 Conc#0" [stack: 0x000000fab0d00000,0x000000fab0e00000] [id=10908]
  0x000002c972017800 ConcurrentGCThread "G1 Refine#0" [stack: 0x000000fab0e00000,0x000000fab0f00000] [id=7424]
  0x000002c97201c800 ConcurrentGCThread "G1 Young RemSet Sampling" [stack: 0x000000fab0f00000,0x000000fab1000000] [id=20660]

=>0x000002c953158000 (exited) JavaThread "Unknown thread" [_thread_in_vm, id=10800, stack(0x000000fab0a00000,0x000000fab0b00000)]

Threads with active compile tasks:

VM state:not at safepoint (not fully initialized)

VM Mutex/Monitor currently owned by a thread: None

Heap address: 0x0000000703600000, size: 4042 MB, Compressed Oops mode: Zero based, Oop shift amount: 3
Narrow klass base: 0x0000000800000000, Narrow klass shift: 0
Compressed class space size: 1073741824 Address: 0x0000000800000000

GC Heap History (0 events):
No events

Deoptimization events (0 events):
No events

Classes redefined (0 events):
No events

Internal exceptions (0 events):
No events

Events (1 events):
Event: 0.014 Loaded shared library C:\Program Files\Android\Android Studio\jre\bin\zip.dll


Dynamic libraries:
0x00007ff7d86b0000 - 0x00007ff7d86ba000 	C:\Program Files\Android\Android Studio\jre\bin\java.exe
0x00007ff869070000 - 0x00007ff869284000 	C:\WINDOWS\SYSTEM32\ntdll.dll
0x00007ff868790000 - 0x00007ff868852000 	C:\WINDOWS\System32\KERNEL32.DLL
0x00007ff866980000 - 0x00007ff866d1c000 	C:\WINDOWS\System32\KERNELBASE.dll
0x00007ff8665b0000 - 0x00007ff8666c1000 	C:\WINDOWS\System32\ucrtbase.dll
0x00007ff8598f0000 - 0x00007ff859907000 	C:\Program Files\Android\Android Studio\jre\bin\VCRUNTIME140.dll
0x00007ff859050000 - 0x00007ff859069000 	C:\Program Files\Android\Android Studio\jre\bin\jli.dll
0x00007ff8685e0000 - 0x00007ff86878a000 	C:\WINDOWS\System32\USER32.dll
0x00007ff866e40000 - 0x00007ff866e66000 	C:\WINDOWS\System32\win32u.dll
0x00007ff868a40000 - 0x00007ff868a69000 	C:\WINDOWS\System32\GDI32.dll
0x00007ff866d20000 - 0x00007ff866e32000 	C:\WINDOWS\System32\gdi32full.dll
0x00007ff847e70000 - 0x00007ff8480fe000 	C:\WINDOWS\WinSxS\amd64_microsoft.windows.common-controls_6595b64144ccf1df_6.0.22621.608_none_a9444ca7c10bb01d\COMCTL32.dll
0x00007ff8664a0000 - 0x00007ff86653a000 	C:\WINDOWS\System32\msvcp_win.dll
0x00007ff868910000 - 0x00007ff8689b7000 	C:\WINDOWS\System32\msvcrt.dll
0x00007ff867670000 - 0x00007ff8676a1000 	C:\WINDOWS\System32\IMM32.DLL
0x00007ff8354b0000 - 0x00007ff83554d000 	C:\Program Files\Android\Android Studio\jre\bin\msvcp140.dll
0x00007fffd6dd0000 - 0x00007fffd78d2000 	C:\Program Files\Android\Android Studio\jre\bin\server\jvm.dll
0x00007ff868a70000 - 0x00007ff868b1e000 	C:\WINDOWS\System32\ADVAPI32.dll
0x00007ff868860000 - 0x00007ff868904000 	C:\WINDOWS\System32\sechost.dll
0x00007ff868f10000 - 0x00007ff869025000 	C:\WINDOWS\System32\RPCRT4.dll
0x00007ff867660000 - 0x00007ff867668000 	C:\WINDOWS\System32\PSAPI.DLL
0x00007ff85ac60000 - 0x00007ff85ac69000 	C:\WINDOWS\SYSTEM32\WSOCK32.dll
0x00007ff868490000 - 0x00007ff868501000 	C:\WINDOWS\System32\WS2_32.dll
0x00007ff85ca60000 - 0x00007ff85ca94000 	C:\WINDOWS\SYSTEM32\WINMM.dll
0x00007ff85d390000 - 0x00007ff85d39a000 	C:\WINDOWS\SYSTEM32\VERSION.dll
0x00007ff865610000 - 0x00007ff865628000 	C:\WINDOWS\SYSTEM32\kernel.appcore.dll
0x00007ff858860000 - 0x00007ff858871000 	C:\Program Files\Android\Android Studio\jre\bin\verify.dll
0x00007ff863f80000 - 0x00007ff8641ae000 	C:\WINDOWS\SYSTEM32\DBGHELP.DLL
0x00007ff8678c0000 - 0x00007ff867c49000 	C:\WINDOWS\System32\combase.dll
0x00007ff866e70000 - 0x00007ff866f47000 	C:\WINDOWS\System32\OLEAUT32.dll
0x00007ff85a790000 - 0x00007ff85a7c2000 	C:\WINDOWS\SYSTEM32\dbgcore.DLL
0x00007ff8666d0000 - 0x00007ff86674b000 	C:\WINDOWS\System32\bcryptPrimitives.dll
0x00007ff858830000 - 0x00007ff858859000 	C:\Program Files\Android\Android Studio\jre\bin\java.dll
0x00007ff858ff0000 - 0x00007ff858ffb000 	C:\Program Files\Android\Android Studio\jre\bin\jimage.dll
0x00007ff858810000 - 0x00007ff858828000 	C:\Program Files\Android\Android Studio\jre\bin\zip.dll

dbghelp: loaded successfully - version: 4.0.5 - missing functions: none
symbol engine: initialized successfully - sym options: 0x614 - pdb path: .;C:\Program Files\Android\Android Studio\jre\bin;C:\WINDOWS\SYSTEM32;C:\WINDOWS\WinSxS\amd64_microsoft.windows.common-controls_6595b64144ccf1df_6.0.22621.608_none_a9444ca7c10bb01d;C:\Program Files\Android\Android Studio\jre\bin\server

VM Arguments:
jvm_args: -Dorg.gradle.appname=gradlew 
java_command: org.gradle.wrapper.GradleWrapperMain -q -Ptarget-platform=android-x86 -Ptarget=D:\app\lib\main.dart -Pbase-application-name=android.app.Application -Pdart-defines=Zmx1dHRlci5pbnNwZWN0b3Iuc3RydWN0dXJlZEVycm9ycz10cnVl,RkxVVFRFUl9XRUJfQVVUT19ERVRFQ1Q9dHJ1ZQ== -Pdart-obfuscation=false -Ptrack-widget-creation=true -Ptree-shake-icons=false -Pfilesystem-scheme=org-dartlang-root assembleDebug
java_class_path (initial): D:\app\android\\gradle\wrapper\gradle-wrapper.jar
Launcher Type: SUN_STANDARD

[Global flags]
     intx CICompilerCount                          = 4                                         {product} {ergonomic}
     uint ConcGCThreads                            = 2                                         {product} {ergonomic}
     uint G1ConcRefinementThreads                  = 8                                         {product} {ergonomic}
   size_t G1HeapRegionSize                         = 1048576                                   {product} {ergonomic}
    uintx GCDrainStackTargetSize                   = 64                                        {product} {ergonomic}
   size_t InitialHeapSize                          = 266338304                                 {product} {ergonomic}
   size_t MarkStackSize                            = 4194304                                   {product} {ergonomic}
   size_t MaxHeapSize                              = 4238344192                                {product} {ergonomic}
   size_t MaxNewSize                               = 2542796800                                {product} {ergonomic}
   size_t MinHeapDeltaBytes                        = 1048576                                   {product} {ergonomic}
    uintx NonNMethodCodeHeapSize                   = 5836300                                {pd product} {ergonomic}
    uintx NonProfiledCodeHeapSize                  = 122910970                              {pd product} {ergonomic}
    uintx ProfiledCodeHeapSize                     = 122910970                              {pd product} {ergonomic}
    uintx ReservedCodeCacheSize                    = 251658240                              {pd product} {ergonomic}
     bool SegmentedCodeCache                       = true                                      {product} {ergonomic}
     bool UseCompressedClassPointers               = true                                 {lp64_product} {ergonomic}
     bool UseCompressedOops                        = true                                 {lp64_product} {ergonomic}
     bool UseG1GC                                  = true                                      {product} {ergonomic}
     bool UseLargePagesIndividualAllocation        = false                                  {pd product} {ergonomic}

Logging:
Log output configuration:
 #0: stdout all=warning uptime,level,tags
 #1: stderr all=off uptime,level,tags

Environment Variables:
JAVA_HOME=C:\Program Files\Android\Android Studio\jre
CLASSPATH=D:\app\android\\gradle\wrapper\gradle-wrapper.jar
PATH=C:\Program Files\Common Files\Oracle\Java\javapath;D:\app\sarat\product\11.2.0\dbhome_1\bin;C:\WINDOWS\system32;C:\WINDOWS;C:\WINDOWS\System32\Wbem;C:\WINDOWS\System32\WindowsPowerShell\v1.0\;C:\WINDOWS\System32\OpenSSH\;D:\Softwares\flutter\bin;C:\Program Files\Git\cmd;C:\Users\sarat\AppData\Local\Microsoft\WindowsApps;C:\Program Files\apache-maven-3.8.6\bin;C:\Program Files\Java\jdk-17.0.4\bin;C:\src\flutter\bin;C:\Gradle\gradle-7.5-all\gradle-7.5\bin;
USERNAME=sarat
OS=Windows_NT
PROCESSOR_IDENTIFIER=Intel64 Family 6 Model 140 Stepping 1, GenuineIntel



---------------  S Y S T E M  ---------------

OS: Windows 11 , 64 bit Build 22621 (10.0.22621.608)
OS uptime: 9 days 8:58 hours

CPU:total 8 (initial active 8) (4 cores per cpu, 2 threads per core) family 6 model 140 stepping 1 microcode 0x78, cmov, cx8, fxsr, mmx, sse, sse2, sse3, ssse3, sse4.1, sse4.2, popcnt, avx, avx2, aes, clmul, erms, 3dnowpref, lzcnt, ht, tsc, tscinvbit, bmi1, bmi2, adx, evex, sha, fma

Memory: 4k page, system-wide physical 16167M (187M free)
TotalPageFile size 34917M (AvailPageFile size 0M)
current process WorkingSet (physical memory assigned to process): 22M, peak: 22M
current process commit charge ("private bytes"): 326M, peak: 327M

vm_info: OpenJDK 64-Bit Server VM (11.0.13+0-b1751.21-8125866) for windows-amd64 JRE (11.0.13+0-b1751.21-8125866), built on Feb  2 2022 03:00:22 by "builder" with MS VC++ 14.0 (VS2015)

END.
