#
# There is insufficient memory for the Java Runtime Environment to continue.
# Native memory allocation (malloc) failed to allocate 168016 bytes for Chunk::new
# Possible reasons:
#   The system is out of physical RAM or swap space
#   The process is running with CompressedOops enabled, and the Java Heap may be blocking the growth of the native heap
# Possible solutions:
#   Reduce memory load on the system
#   Increase physical memory or swap space
#   Check if swap backing store is full
#   Decrease Java heap size (-Xmx/-Xms)
#   Decrease number of Java threads
#   Decrease Java thread stack sizes (-Xss)
#   Set larger code cache with -XX:ReservedCodeCacheSize=
#   JVM is running with Unscaled Compressed Oops mode in which the Java heap is
#     placed in the first 4GB address space. The Java Heap base address is the
#     maximum limit for the native heap growth. Please use -XX:HeapBaseMinAddress
#     to set the Java Heap base and to place the Java Heap above 4GB virtual address.
# This output file may be truncated or incomplete.
#
#  Out of Memory Error (./src/hotspot/share/memory/arena.cpp:197), pid=8212, tid=21872
#
# JRE version: OpenJDK Runtime Environment (11.0.13) (build 11.0.13+0-b1751.21-8125866)
# Java VM: OpenJDK 64-Bit Server VM (11.0.13+0-b1751.21-8125866, mixed mode, tiered, compressed oops, g1 gc, windows-amd64)
# No core dump will be written. Minidumps are not enabled by default on client versions of Windows
#

---------------  S U M M A R Y ------------

Command Line: --add-opens=java.base/java.util=ALL-UNNAMED --add-opens=java.base/java.lang=ALL-UNNAMED --add-opens=java.base/java.lang.invoke=ALL-UNNAMED --add-opens=java.base/java.util=ALL-UNNAMED --add-opens=java.prefs/java.util.prefs=ALL-UNNAMED --add-opens=java.prefs/java.util.prefs=ALL-UNNAMED --add-opens=java.base/java.nio.charset=ALL-UNNAMED --add-opens=java.base/java.net=ALL-UNNAMED --add-opens=java.base/java.util.concurrent.atomic=ALL-UNNAMED -Xmx1536M -Dfile.encoding=windows-1252 -Duser.country=IN -Duser.language=en -Duser.variant org.gradle.launcher.daemon.bootstrap.GradleDaemon 7.4

Host: 11th Gen Intel(R) Core(TM) i7-11370H @ 3.30GHz, 8 cores, 15G,  Windows 11 , 64 bit Build 22621 (10.0.22621.608)
Time: Sat Oct 29 17:47:10 2022 India Standard Time elapsed time: 34.633289 seconds (0d 0h 0m 34s)

---------------  T H R E A D  ---------------

Current thread (0x000001e9eb724800):  JavaThread "C2 CompilerThread0" daemon [_thread_in_native, id=21872, stack(0x000000e65a800000,0x000000e65a900000)]


Current CompileTask:
C2:  34633 13866       4       org.gradle.internal.logging.text.AbstractLineChoppingStyledTextOutput::doAppend (43 bytes)

Stack: [0x000000e65a800000,0x000000e65a900000]
Native frames: (J=compiled Java code, j=interpreted, Vv=VM code, C=native code)
V  [jvm.dll+0x6100fa]
V  [jvm.dll+0x747090]
V  [jvm.dll+0x7486ad]
V  [jvm.dll+0x748d83]
V  [jvm.dll+0x24ab48]
V  [jvm.dll+0xc04dc]
V  [jvm.dll+0xc0a0c]
V  [jvm.dll+0x2bfab4]
V  [jvm.dll+0x524238]
V  [jvm.dll+0x2045ac]
V  [jvm.dll+0x2023c2]
V  [jvm.dll+0x188e01]
V  [jvm.dll+0x21106b]
V  [jvm.dll+0x20f8c1]
V  [jvm.dll+0x70de0f]
V  [jvm.dll+0x706a75]
V  [jvm.dll+0x60ed66]
C  [ucrtbase.dll+0x29363]
C  [KERNEL32.DLL+0x1244d]
C  [ntdll.dll+0x5df78]


---------------  P R O C E S S  ---------------

Threads class SMR info:
_java_thread_list=0x000001e9f6a84940, length=137, elements={
0x000001e9d1caa000, 0x000001e9eb6b9800, 0x000001e9eb6c5000, 0x000001e9eb71d800,
0x000001e9eb720800, 0x000001e9eb723800, 0x000001e9eb724800, 0x000001e9eb733800,
0x000001e9eb734800, 0x000001e9eb898800, 0x000001e9ee18e000, 0x000001e9ee1b9000,
0x000001e9ecf6c000, 0x000001e9eb913000, 0x000001e9ec131000, 0x000001e9ec801800,
0x000001e9ec965000, 0x000001e9ec802000, 0x000001e9ecd57800, 0x000001e9eda31800,
0x000001e9eda5b800, 0x000001e9eda5a800, 0x000001e9eda59000, 0x000001e9eda56800,
0x000001e9eda5c000, 0x000001e9eda5d000, 0x000001e9eda59800, 0x000001e9eda57000,
0x000001e9eda58000, 0x000001e9eec0e000, 0x000001e9eec08000, 0x000001e9eec0a800,
0x000001e9eec0c000, 0x000001e9eec0b800, 0x000001e9eec0e800, 0x000001e9eec09000,
0x000001e9eec0f800, 0x000001e9eec0a000, 0x000001e9eec13800, 0x000001e9eec11000,
0x000001e9eec14800, 0x000001e9eec15000, 0x000001e9eec12000, 0x000001e9eec16000,
0x000001e9eec10800, 0x000001e9eec12800, 0x000001e9eec17000, 0x000001e9ed869800,
0x000001e9ed86f000, 0x000001e9ed86d800, 0x000001e9ed86a000, 0x000001e9ed86e800,
0x000001e9ed870800, 0x000001e9ed86c000, 0x000001e9ed86c800, 0x000001e9ed870000,
0x000001e9ed86b000, 0x000001e9ed871800, 0x000001e9ed872800, 0x000001e9ed878000,
0x000001e9ed874000, 0x000001e9ed873000, 0x000001e9ed876800, 0x000001e9ed877000,
0x000001e9ed875000, 0x000001e9ed875800, 0x000001e9ef5ea800, 0x000001e9ef5ec000,
0x000001e9ef5ed000, 0x000001e9ef5e8000, 0x000001e9ef5ee000, 0x000001e9ef5ee800,
0x000001e9ef5e9000, 0x000001e9ef5ef800, 0x000001e9ef5e9800, 0x000001e9ef5f0000,
0x000001e9ef5f1000, 0x000001e9ef5eb800, 0x000001e9ef5f2000, 0x000001e9ef5f3800,
0x000001e9ef5f2800, 0x000001e9ef5f6000, 0x000001e9ef5f5000, 0x000001e9ef5f4800,
0x000001e9ef5f6800, 0x000001e9eef9f800, 0x000001e9eef9d800, 0x000001e9eefa2000,
0x000001e9eefa0800, 0x000001e9eefa1800, 0x000001e9eefa4000, 0x000001e9eefa3000,
0x000001e9eef9e000, 0x000001e9eef9f000, 0x000001e9ee8a0000, 0x000001e9ee89e800,
0x000001e9ee8a0800, 0x000001e9ee8a3000, 0x000001e9ee8a4000, 0x000001e9ee8a5000,
0x000001e9ee89f000, 0x000001e9ee8a7000, 0x000001e9ee8a5800, 0x000001e9ee8a6800,
0x000001e9ee8a1800, 0x000001e9ee8a8000, 0x000001e9ee8a2800, 0x000001e9ee8a9000,
0x000001e9ee8ad000, 0x000001e9ee8ab800, 0x000001e9ee8aa800, 0x000001e9ee8a9800,
0x000001e9ee8ac000, 0x000001e9eca62800, 0x000001e9eca65000, 0x000001e9eca60000,
0x000001e9eca61000, 0x000001e9eca63800, 0x000001e9eca61800, 0x000001e9eca65800,
0x000001e9eca68000, 0x000001e9eca67800, 0x000001e9eca69000, 0x000001e9eca66800,
0x000001e9eca6a000, 0x000001e9eca64000, 0x000001e9eca6a800, 0x000001e9eca6b800,
0x000001e9eca6e000, 0x000001e9eca6e800, 0x000001e9eca6c800, 0x000001e9eca6d000,
0x000001e9f8f3b000, 0x000001e9f8f37000, 0x000001e9f8f38000, 0x000001e9f8f39800,
0x000001e9f8f38800
}

Java Threads: ( => current thread )
  0x000001e9d1caa000 JavaThread "main" [_thread_blocked, id=6788, stack(0x000000e659c00000,0x000000e659d00000)]
  0x000001e9eb6b9800 JavaThread "Reference Handler" daemon [_thread_blocked, id=2500, stack(0x000000e65a300000,0x000000e65a400000)]
  0x000001e9eb6c5000 JavaThread "Finalizer" daemon [_thread_blocked, id=10212, stack(0x000000e65a400000,0x000000e65a500000)]
  0x000001e9eb71d800 JavaThread "Signal Dispatcher" daemon [_thread_blocked, id=16744, stack(0x000000e65a500000,0x000000e65a600000)]
  0x000001e9eb720800 JavaThread "Attach Listener" daemon [_thread_blocked, id=8448, stack(0x000000e65a600000,0x000000e65a700000)]
  0x000001e9eb723800 JavaThread "Service Thread" daemon [_thread_blocked, id=10980, stack(0x000000e65a700000,0x000000e65a800000)]
=>0x000001e9eb724800 JavaThread "C2 CompilerThread0" daemon [_thread_in_native, id=21872, stack(0x000000e65a800000,0x000000e65a900000)]
  0x000001e9eb733800 JavaThread "C1 CompilerThread0" daemon [_thread_blocked, id=20472, stack(0x000000e65a900000,0x000000e65aa00000)]
  0x000001e9eb734800 JavaThread "Sweeper thread" daemon [_thread_blocked, id=12788, stack(0x000000e65aa00000,0x000000e65ab00000)]
  0x000001e9eb898800 JavaThread "Common-Cleaner" daemon [_thread_blocked, id=12760, stack(0x000000e65ab00000,0x000000e65ac00000)]
  0x000001e9ee18e000 JavaThread "Daemon health stats" [_thread_blocked, id=23308, stack(0x000000e65b400000,0x000000e65b500000)]
  0x000001e9ee1b9000 JavaThread "Incoming local TCP Connector on port 58843" [_thread_in_native, id=9728, stack(0x000000e65b500000,0x000000e65b600000)]
  0x000001e9ecf6c000 JavaThread "Daemon periodic checks" [_thread_blocked, id=8768, stack(0x000000e65b600000,0x000000e65b700000)]
  0x000001e9eb913000 JavaThread "Daemon" [_thread_blocked, id=2128, stack(0x000000e65ad00000,0x000000e65ae00000)]
  0x000001e9ec131000 JavaThread "Handler for socket connection from /127.0.0.1:58843 to /127.0.0.1:58844" [_thread_in_native, id=20336, stack(0x000000e65ae00000,0x000000e65af00000)]
  0x000001e9ec801800 JavaThread "Cancel handler" [_thread_blocked, id=11084, stack(0x000000e65b700000,0x000000e65b800000)]
  0x000001e9ec965000 JavaThread "Daemon worker" [_thread_blocked, id=11996, stack(0x000000e65b800000,0x000000e65b900000)]
  0x000001e9ec802000 JavaThread "Asynchronous log dispatcher for DefaultDaemonConnection: socket connection from /127.0.0.1:58843 to /127.0.0.1:58844" [_thread_blocked, id=12776, stack(0x000000e65b900000,0x000000e65ba00000)]
  0x000001e9ecd57800 JavaThread "Stdin handler" [_thread_blocked, id=17032, stack(0x000000e65ba00000,0x000000e65bb00000)]
  0x000001e9eda31800 JavaThread "Daemon client event forwarder" [_thread_blocked, id=3512, stack(0x000000e65bb00000,0x000000e65bc00000)]
  0x000001e9eda5b800 JavaThread "Cache worker for journal cache (C:\Users\sarat\.gradle\caches\journal-1)" [_thread_blocked, id=17828, stack(0x000000e65bc00000,0x000000e65bd00000)]
  0x000001e9eda5a800 JavaThread "File lock request listener" [_thread_in_native, id=16936, stack(0x000000e65bd00000,0x000000e65be00000)]
  0x000001e9eda59000 JavaThread "Cache worker for file hash cache (C:\Users\sarat\.gradle\caches\7.4\fileHashes)" [_thread_blocked, id=20608, stack(0x000000e65be00000,0x000000e65bf00000)]
  0x000001e9eda56800 JavaThread "File watcher server" daemon [_thread_in_native, id=15688, stack(0x000000e65c300000,0x000000e65c400000)]
  0x000001e9eda5c000 JavaThread "File watcher consumer" daemon [_thread_blocked, id=21248, stack(0x000000e65c400000,0x000000e65c500000)]
  0x000001e9eda5d000 JavaThread "Cache worker for checksums cache (D:\app\android\.gradle\7.4\checksums)" [_thread_blocked, id=18016, stack(0x000000e65c500000,0x000000e65c600000)]
  0x000001e9eda59800 JavaThread "Cache worker for cache directory md-rule (C:\Users\sarat\.gradle\caches\7.4\md-rule)" [_thread_blocked, id=19100, stack(0x000000e65c600000,0x000000e65c700000)]
  0x000001e9eda57000 JavaThread "Cache worker for file hash cache (D:\app\android\.gradle\7.4\fileHashes)" [_thread_blocked, id=14272, stack(0x000000e65c700000,0x000000e65c800000)]
  0x000001e9eda58000 JavaThread "Cache worker for cache directory md-supplier (C:\Users\sarat\.gradle\caches\7.4\md-supplier)" [_thread_blocked, id=6932, stack(0x000000e65c800000,0x000000e65c900000)]
  0x000001e9eec0e000 JavaThread "Cache worker for execution history cache (C:\Users\sarat\.gradle\caches\7.4\executionHistory)" [_thread_blocked, id=9452, stack(0x000000e65c900000,0x000000e65ca00000)]
  0x000001e9eec08000 JavaThread "jar transforms" [_thread_blocked, id=16236, stack(0x000000e65ca00000,0x000000e65cb00000)]
  0x000001e9eec0a800 JavaThread "jar transforms Thread 2" [_thread_blocked, id=20308, stack(0x000000e65cb00000,0x000000e65cc00000)]
  0x000001e9eec0c000 JavaThread "Cache worker for file content cache (C:\Users\sarat\.gradle\caches\7.4\fileContent)" [_thread_blocked, id=22072, stack(0x000000e65cc00000,0x000000e65cd00000)]
  0x000001e9eec0b800 JavaThread "jar transforms Thread 3" [_thread_blocked, id=25048, stack(0x000000e65cd00000,0x000000e65ce00000)]
  0x000001e9eec0e800 JavaThread "jar transforms Thread 4" [_thread_blocked, id=19708, stack(0x000000e65ce00000,0x000000e65cf00000)]
  0x000001e9eec09000 JavaThread "Cache worker for dependencies-accessors (D:\app\android\.gradle\7.4\dependencies-accessors)" [_thread_blocked, id=15872, stack(0x000000e65cf00000,0x000000e65d000000)]
  0x000001e9eec0f800 JavaThread "jar transforms Thread 5" [_thread_blocked, id=17476, stack(0x000000e65d000000,0x000000e65d100000)]
  0x000001e9eec0a000 JavaThread "Cache worker for Build Output Cleanup Cache (D:\app\android\.gradle\buildOutputCleanup)" [_thread_blocked, id=2672, stack(0x000000e65d100000,0x000000e65d200000)]
  0x000001e9eec13800 JavaThread "Unconstrained build operations" [_thread_blocked, id=19000, stack(0x000000e65d200000,0x000000e65d300000)]
  0x000001e9eec11000 JavaThread "Unconstrained build operations Thread 2" [_thread_blocked, id=19224, stack(0x000000e65d300000,0x000000e65d400000)]
  0x000001e9eec14800 JavaThread "Unconstrained build operations Thread 3" [_thread_blocked, id=17992, stack(0x000000e65d400000,0x000000e65d500000)]
  0x000001e9eec15000 JavaThread "Unconstrained build operations Thread 4" [_thread_blocked, id=20872, stack(0x000000e65d500000,0x000000e65d600000)]
  0x000001e9eec12000 JavaThread "Unconstrained build operations Thread 5" [_thread_blocked, id=4324, stack(0x000000e65d600000,0x000000e65d700000)]
  0x000001e9eec16000 JavaThread "Unconstrained build operations Thread 6" [_thread_blocked, id=14896, stack(0x000000e65d700000,0x000000e65d800000)]
  0x000001e9eec10800 JavaThread "Unconstrained build operations Thread 7" [_thread_blocked, id=14984, stack(0x000000e65d800000,0x000000e65d900000)]
  0x000001e9eec12800 JavaThread "Unconstrained build operations Thread 8" [_thread_blocked, id=25316, stack(0x000000e65d900000,0x000000e65da00000)]
  0x000001e9eec17000 JavaThread "Unconstrained build operations Thread 9" [_thread_blocked, id=19132, stack(0x000000e65da00000,0x000000e65db00000)]
  0x000001e9ed869800 JavaThread "Unconstrained build operations Thread 10" [_thread_blocked, id=14552, stack(0x000000e65db00000,0x000000e65dc00000)]
  0x000001e9ed86f000 JavaThread "Unconstrained build operations Thread 11" [_thread_blocked, id=15724, stack(0x000000e65dc00000,0x000000e65dd00000)]
  0x000001e9ed86d800 JavaThread "Unconstrained build operations Thread 12" [_thread_blocked, id=23560, stack(0x000000e65dd00000,0x000000e65de00000)]
  0x000001e9ed86a000 JavaThread "Unconstrained build operations Thread 13" [_thread_blocked, id=3624, stack(0x000000e65de00000,0x000000e65df00000)]
  0x000001e9ed86e800 JavaThread "Unconstrained build operations Thread 14" [_thread_blocked, id=20432, stack(0x000000e65df00000,0x000000e65e000000)]
  0x000001e9ed870800 JavaThread "Unconstrained build operations Thread 15" [_thread_blocked, id=22796, stack(0x000000e65e000000,0x000000e65e100000)]
  0x000001e9ed86c000 JavaThread "Unconstrained build operations Thread 16" [_thread_blocked, id=17972, stack(0x000000e65e100000,0x000000e65e200000)]
  0x000001e9ed86c800 JavaThread "Unconstrained build operations Thread 17" [_thread_blocked, id=19416, stack(0x000000e65e200000,0x000000e65e300000)]
  0x000001e9ed870000 JavaThread "Unconstrained build operations Thread 18" [_thread_blocked, id=3848, stack(0x000000e65e300000,0x000000e65e400000)]
  0x000001e9ed86b000 JavaThread "Unconstrained build operations Thread 19" [_thread_blocked, id=17952, stack(0x000000e65e400000,0x000000e65e500000)]
  0x000001e9ed871800 JavaThread "Unconstrained build operations Thread 20" [_thread_blocked, id=12424, stack(0x000000e65e500000,0x000000e65e600000)]
  0x000001e9ed872800 JavaThread "Unconstrained build operations Thread 21" [_thread_blocked, id=20828, stack(0x000000e65e600000,0x000000e65e700000)]
  0x000001e9ed878000 JavaThread "Unconstrained build operations Thread 22" [_thread_blocked, id=21296, stack(0x000000e65e700000,0x000000e65e800000)]
  0x000001e9ed874000 JavaThread "Unconstrained build operations Thread 23" [_thread_blocked, id=22552, stack(0x000000e65e800000,0x000000e65e900000)]
  0x000001e9ed873000 JavaThread "Unconstrained build operations Thread 24" [_thread_blocked, id=3592, stack(0x000000e65e900000,0x000000e65ea00000)]
  0x000001e9ed876800 JavaThread "Unconstrained build operations Thread 25" [_thread_blocked, id=25580, stack(0x000000e65ea00000,0x000000e65eb00000)]
  0x000001e9ed877000 JavaThread "Unconstrained build operations Thread 26" [_thread_blocked, id=21864, stack(0x000000e65eb00000,0x000000e65ec00000)]
  0x000001e9ed875000 JavaThread "Unconstrained build operations Thread 27" [_thread_blocked, id=12908, stack(0x000000e65ec00000,0x000000e65ed00000)]
  0x000001e9ed875800 JavaThread "Unconstrained build operations Thread 28" [_thread_blocked, id=9404, stack(0x000000e65ed00000,0x000000e65ee00000)]
  0x000001e9ef5ea800 JavaThread "Unconstrained build operations Thread 29" [_thread_blocked, id=18164, stack(0x000000e65ee00000,0x000000e65ef00000)]
  0x000001e9ef5ec000 JavaThread "Unconstrained build operations Thread 30" [_thread_blocked, id=22928, stack(0x000000e65ef00000,0x000000e65f000000)]
  0x000001e9ef5ed000 JavaThread "Unconstrained build operations Thread 31" [_thread_blocked, id=13884, stack(0x000000e65f000000,0x000000e65f100000)]
  0x000001e9ef5e8000 JavaThread "Unconstrained build operations Thread 32" [_thread_blocked, id=12432, stack(0x000000e65f100000,0x000000e65f200000)]
  0x000001e9ef5ee000 JavaThread "Unconstrained build operations Thread 33" [_thread_blocked, id=6704, stack(0x000000e65f200000,0x000000e65f300000)]
  0x000001e9ef5ee800 JavaThread "Unconstrained build operations Thread 34" [_thread_blocked, id=15432, stack(0x000000e65f300000,0x000000e65f400000)]
  0x000001e9ef5e9000 JavaThread "Unconstrained build operations Thread 35" [_thread_blocked, id=1528, stack(0x000000e65f400000,0x000000e65f500000)]
  0x000001e9ef5ef800 JavaThread "Unconstrained build operations Thread 36" [_thread_blocked, id=8568, stack(0x000000e65f500000,0x000000e65f600000)]
  0x000001e9ef5e9800 JavaThread "Unconstrained build operations Thread 37" [_thread_blocked, id=21520, stack(0x000000e65f600000,0x000000e65f700000)]
  0x000001e9ef5f0000 JavaThread "Unconstrained build operations Thread 38" [_thread_blocked, id=12048, stack(0x000000e65f700000,0x000000e65f800000)]
  0x000001e9ef5f1000 JavaThread "Unconstrained build operations Thread 39" [_thread_blocked, id=12336, stack(0x000000e65f800000,0x000000e65f900000)]
  0x000001e9ef5eb800 JavaThread "Unconstrained build operations Thread 40" [_thread_blocked, id=22760, stack(0x000000e65f900000,0x000000e65fa00000)]
  0x000001e9ef5f2000 JavaThread "Unconstrained build operations Thread 41" [_thread_blocked, id=24796, stack(0x000000e65fa00000,0x000000e65fb00000)]
  0x000001e9ef5f3800 JavaThread "Unconstrained build operations Thread 42" [_thread_blocked, id=22292, stack(0x000000e65fb00000,0x000000e65fc00000)]
  0x000001e9ef5f2800 JavaThread "Unconstrained build operations Thread 43" [_thread_blocked, id=25484, stack(0x000000e65fc00000,0x000000e65fd00000)]
  0x000001e9ef5f6000 JavaThread "Unconstrained build operations Thread 44" [_thread_blocked, id=1848, stack(0x000000e65fd00000,0x000000e65fe00000)]
  0x000001e9ef5f5000 JavaThread "Unconstrained build operations Thread 45" [_thread_blocked, id=16716, stack(0x000000e65fe00000,0x000000e65ff00000)]
  0x000001e9ef5f4800 JavaThread "Unconstrained build operations Thread 46" [_thread_blocked, id=11936, stack(0x000000e65ff00000,0x000000e660000000)]
  0x000001e9ef5f6800 JavaThread "Unconstrained build operations Thread 47" [_thread_blocked, id=20860, stack(0x000000e660000000,0x000000e660100000)]
  0x000001e9eef9f800 JavaThread "Unconstrained build operations Thread 48" [_thread_blocked, id=4308, stack(0x000000e660100000,0x000000e660200000)]
  0x000001e9eef9d800 JavaThread "Unconstrained build operations Thread 49" [_thread_blocked, id=6964, stack(0x000000e660200000,0x000000e660300000)]
  0x000001e9eefa2000 JavaThread "Unconstrained build operations Thread 50" [_thread_blocked, id=19248, stack(0x000000e660300000,0x000000e660400000)]
  0x000001e9eefa0800 JavaThread "Unconstrained build operations Thread 51" [_thread_blocked, id=20956, stack(0x000000e660400000,0x000000e660500000)]
  0x000001e9eefa1800 JavaThread "Unconstrained build operations Thread 52" [_thread_blocked, id=24072, stack(0x000000e660500000,0x000000e660600000)]
  0x000001e9eefa4000 JavaThread "Unconstrained build operations Thread 53" [_thread_blocked, id=10096, stack(0x000000e660600000,0x000000e660700000)]
  0x000001e9eefa3000 JavaThread "Unconstrained build operations Thread 54" [_thread_blocked, id=8556, stack(0x000000e660700000,0x000000e660800000)]
  0x000001e9eef9e000 JavaThread "Unconstrained build operations Thread 55" [_thread_blocked, id=15844, stack(0x000000e660800000,0x000000e660900000)]
  0x000001e9eef9f000 JavaThread "Unconstrained build operations Thread 56" [_thread_blocked, id=18004, stack(0x000000e660900000,0x000000e660a00000)]
  0x000001e9ee8a0000 JavaThread "Unconstrained build operations Thread 57" [_thread_blocked, id=18820, stack(0x000000e660a00000,0x000000e660b00000)]
  0x000001e9ee89e800 JavaThread "Unconstrained build operations Thread 58" [_thread_blocked, id=22936, stack(0x000000e660b00000,0x000000e660c00000)]
  0x000001e9ee8a0800 JavaThread "Unconstrained build operations Thread 59" [_thread_blocked, id=21796, stack(0x000000e660c00000,0x000000e660d00000)]
  0x000001e9ee8a3000 JavaThread "Unconstrained build operations Thread 60" [_thread_blocked, id=16560, stack(0x000000e660d00000,0x000000e660e00000)]
  0x000001e9ee8a4000 JavaThread "Unconstrained build operations Thread 61" [_thread_blocked, id=24172, stack(0x000000e660e00000,0x000000e660f00000)]
  0x000001e9ee8a5000 JavaThread "Unconstrained build operations Thread 62" [_thread_blocked, id=7476, stack(0x000000e660f00000,0x000000e661000000)]
  0x000001e9ee89f000 JavaThread "Unconstrained build operations Thread 63" [_thread_blocked, id=2712, stack(0x000000e661000000,0x000000e661100000)]
  0x000001e9ee8a7000 JavaThread "Unconstrained build operations Thread 64" [_thread_blocked, id=19904, stack(0x000000e661100000,0x000000e661200000)]
  0x000001e9ee8a5800 JavaThread "Unconstrained build operations Thread 65" [_thread_blocked, id=14092, stack(0x000000e661200000,0x000000e661300000)]
  0x000001e9ee8a6800 JavaThread "Unconstrained build operations Thread 66" [_thread_blocked, id=1704, stack(0x000000e661300000,0x000000e661400000)]
  0x000001e9ee8a1800 JavaThread "Unconstrained build operations Thread 67" [_thread_blocked, id=10088, stack(0x000000e661400000,0x000000e661500000)]
  0x000001e9ee8a8000 JavaThread "Unconstrained build operations Thread 68" [_thread_blocked, id=15024, stack(0x000000e661500000,0x000000e661600000)]
  0x000001e9ee8a2800 JavaThread "Unconstrained build operations Thread 69" [_thread_blocked, id=25072, stack(0x000000e661600000,0x000000e661700000)]
  0x000001e9ee8a9000 JavaThread "Unconstrained build operations Thread 70" [_thread_blocked, id=18808, stack(0x000000e661700000,0x000000e661800000)]
  0x000001e9ee8ad000 JavaThread "Unconstrained build operations Thread 71" [_thread_blocked, id=17688, stack(0x000000e661800000,0x000000e661900000)]
  0x000001e9ee8ab800 JavaThread "Unconstrained build operations Thread 72" [_thread_blocked, id=18576, stack(0x000000e661900000,0x000000e661a00000)]
  0x000001e9ee8aa800 JavaThread "Unconstrained build operations Thread 73" [_thread_blocked, id=14888, stack(0x000000e661a00000,0x000000e661b00000)]
  0x000001e9ee8a9800 JavaThread "Unconstrained build operations Thread 74" [_thread_blocked, id=9128, stack(0x000000e661b00000,0x000000e661c00000)]
  0x000001e9ee8ac000 JavaThread "Unconstrained build operations Thread 75" [_thread_blocked, id=19596, stack(0x000000e661c00000,0x000000e661d00000)]
  0x000001e9eca62800 JavaThread "Unconstrained build operations Thread 76" [_thread_blocked, id=5020, stack(0x000000e661d00000,0x000000e661e00000)]
  0x000001e9eca65000 JavaThread "Unconstrained build operations Thread 77" [_thread_blocked, id=2224, stack(0x000000e661e00000,0x000000e661f00000)]
  0x000001e9eca60000 JavaThread "Unconstrained build operations Thread 78" [_thread_blocked, id=20648, stack(0x000000e661f00000,0x000000e662000000)]
  0x000001e9eca61000 JavaThread "Unconstrained build operations Thread 79" [_thread_blocked, id=168, stack(0x000000e662000000,0x000000e662100000)]
  0x000001e9eca63800 JavaThread "Unconstrained build operations Thread 80" [_thread_blocked, id=17860, stack(0x000000e662100000,0x000000e662200000)]
  0x000001e9eca61800 JavaThread "jar transforms Thread 6" [_thread_blocked, id=21552, stack(0x000000e662200000,0x000000e662300000)]
  0x000001e9eca65800 JavaThread "jar transforms Thread 7" [_thread_blocked, id=20040, stack(0x000000e662300000,0x000000e662400000)]
  0x000001e9eca68000 JavaThread "jar transforms Thread 8" [_thread_blocked, id=23736, stack(0x000000e662400000,0x000000e662500000)]
  0x000001e9eca67800 JavaThread "Memory manager" [_thread_blocked, id=4396, stack(0x000000e662500000,0x000000e662600000)]
  0x000001e9eca69000 JavaThread "build event listener" [_thread_blocked, id=3052, stack(0x000000e662600000,0x000000e662700000)]
  0x000001e9eca66800 JavaThread "pool-3-thread-1" [_thread_blocked, id=13792, stack(0x000000e662900000,0x000000e662a00000)]
  0x000001e9eca6a000 JavaThread "build event listener" [_thread_blocked, id=6112, stack(0x000000e662a00000,0x000000e662b00000)]
  0x000001e9eca64000 JavaThread "included builds" [_thread_blocked, id=14096, stack(0x000000e662b00000,0x000000e662c00000)]
  0x000001e9eca6a800 JavaThread "Execution worker for ':'" [_thread_blocked, id=7472, stack(0x000000e662c00000,0x000000e662d00000)]
  0x000001e9eca6b800 JavaThread "Execution worker for ':' Thread 2" [_thread_blocked, id=25276, stack(0x000000e662d00000,0x000000e662e00000)]
  0x000001e9eca6e000 JavaThread "Execution worker for ':' Thread 3" [_thread_blocked, id=19620, stack(0x000000e662e00000,0x000000e662f00000)]
  0x000001e9eca6e800 JavaThread "Execution worker for ':' Thread 4" [_thread_blocked, id=13992, stack(0x000000e662f00000,0x000000e663000000)]
  0x000001e9eca6c800 JavaThread "Execution worker for ':' Thread 5" [_thread_blocked, id=25084, stack(0x000000e663000000,0x000000e663100000)]
  0x000001e9eca6d000 JavaThread "Execution worker for ':' Thread 6" [_thread_blocked, id=21612, stack(0x000000e663100000,0x000000e663200000)]
  0x000001e9f8f3b000 JavaThread "Execution worker for ':' Thread 7" [_thread_blocked, id=18828, stack(0x000000e663200000,0x000000e663300000)]
  0x000001e9f8f37000 JavaThread "Cache worker for execution history cache (D:\app\android\.gradle\7.4\executionHistory)" [_thread_blocked, id=10352, stack(0x000000e663300000,0x000000e663400000)]
  0x000001e9f8f38000 JavaThread "Exec process" [_thread_in_native, id=18152, stack(0x000000e663400000,0x000000e663500000)]
  0x000001e9f8f39800 JavaThread "Exec process Thread 2" [_thread_in_native, id=11248, stack(0x000000e663500000,0x000000e663600000)]
  0x000001e9f8f38800 JavaThread "Exec process Thread 3" [_thread_in_native, id=4000, stack(0x000000e663600000,0x000000e663700000)]

Other Threads:
  0x000001e9eb692000 VMThread "VM Thread" [stack: 0x000000e65a200000,0x000000e65a300000] [id=20272]
  0x000001e9eb8ad800 WatcherThread [stack: 0x000000e65ac00000,0x000000e65ad00000] [id=8036]
  0x000001e9d1cc4800 GCTaskThread "GC Thread#0" [stack: 0x000000e659d00000,0x000000e659e00000] [id=11420]
  0x000001e9ec80b000 GCTaskThread "GC Thread#1" [stack: 0x000000e65af00000,0x000000e65b000000] [id=18520]
  0x000001e9ec80c000 GCTaskThread "GC Thread#2" [stack: 0x000000e65b000000,0x000000e65b100000] [id=18108]
  0x000001e9ec742800 GCTaskThread "GC Thread#3" [stack: 0x000000e65b100000,0x000000e65b200000] [id=13976]
  0x000001e9ec743800 GCTaskThread "GC Thread#4" [stack: 0x000000e65b200000,0x000000e65b300000] [id=4284]
  0x000001e9ebfad800 GCTaskThread "GC Thread#5" [stack: 0x000000e65b300000,0x000000e65b400000] [id=9552]
  0x000001e9ed738000 GCTaskThread "GC Thread#6" [stack: 0x000000e65bf00000,0x000000e65c000000] [id=17664]
  0x000001e9ec976800 GCTaskThread "GC Thread#7" [stack: 0x000000e65c000000,0x000000e65c100000] [id=11156]
  0x000001e9d1ceb800 ConcurrentGCThread "G1 Main Marker" [stack: 0x000000e659e00000,0x000000e659f00000] [id=11512]
  0x000001e9d1cee800 ConcurrentGCThread "G1 Conc#0" [stack: 0x000000e659f00000,0x000000e65a000000] [id=22764]
  0x000001e9edc54000 ConcurrentGCThread "G1 Conc#1" [stack: 0x000000e65c100000,0x000000e65c200000] [id=21232]
  0x000001e9eacfe800 ConcurrentGCThread "G1 Refine#0" [stack: 0x000000e65a000000,0x000000e65a100000] [id=19172]
  0x000001e9f386a800 ConcurrentGCThread "G1 Refine#1" [stack: 0x000000e662700000,0x000000e662800000] [id=7980]
  0x000001e9f12df800 ConcurrentGCThread "G1 Refine#2" [stack: 0x000000e662800000,0x000000e662900000] [id=2932]
  0x000001e9ead01000 ConcurrentGCThread "G1 Young RemSet Sampling" [stack: 0x000000e65a100000,0x000000e65a200000] [id=7412]

Threads with active compile tasks:
C2 CompilerThread0  34649 13866       4       org.gradle.internal.logging.text.AbstractLineChoppingStyledTextOutput::doAppend (43 bytes)

VM state:not at safepoint (normal execution)

VM Mutex/Monitor currently owned by a thread: None

Heap address: 0x00000000a0000000, size: 1536 MB, Compressed Oops mode: 32-bit
Narrow klass base: 0x0000000000000000, Narrow klass shift: 3
Compressed class space size: 1073741824 Address: 0x0000000100000000

Heap:
 garbage-first heap   total 260096K, used 196288K [0x00000000a0000000, 0x0000000100000000)
  region size 1024K, 64 young (65536K), 7 survivors (7168K)
 Metaspace       used 97124K, capacity 100930K, committed 101156K, reserved 1136640K
  class space    used 12463K, capacity 13695K, committed 13772K, reserved 1048576K
Heap Regions: E=young(eden), S=young(survivor), O=old, HS=humongous(starts), HC=humongous(continues), CS=collection set, F=free, A=archive, TAMS=top-at-mark-start (previous, next)
|   0|0x00000000a0000000, 0x00000000a0100000, 0x00000000a0100000|100%| O|  |TAMS 0x00000000a0100000, 0x00000000a0000000| Untracked 
|   1|0x00000000a0100000, 0x00000000a0200000, 0x00000000a0200000|100%| O|  |TAMS 0x00000000a0200000, 0x00000000a0100000| Untracked 
|   2|0x00000000a0200000, 0x00000000a0300000, 0x00000000a0300000|100%| O|  |TAMS 0x00000000a0300000, 0x00000000a0200000| Untracked 
|   3|0x00000000a0300000, 0x00000000a0400000, 0x00000000a0400000|100%|HS|  |TAMS 0x00000000a0400000, 0x00000000a0300000| Complete 
|   4|0x00000000a0400000, 0x00000000a0500000, 0x00000000a0500000|100%|HC|  |TAMS 0x00000000a0500000, 0x00000000a0400000| Complete 
|   5|0x00000000a0500000, 0x00000000a0600000, 0x00000000a0600000|100%|HC|  |TAMS 0x00000000a0600000, 0x00000000a0500000| Complete 
|   6|0x00000000a0600000, 0x00000000a0700000, 0x00000000a0700000|100%| O|  |TAMS 0x00000000a0700000, 0x00000000a0600000| Untracked 
|   7|0x00000000a0700000, 0x00000000a0800000, 0x00000000a0800000|100%| O|  |TAMS 0x00000000a0800000, 0x00000000a0700000| Untracked 
|   8|0x00000000a0800000, 0x00000000a0900000, 0x00000000a0900000|100%| O|  |TAMS 0x00000000a0900000, 0x00000000a0800000| Untracked 
|   9|0x00000000a0900000, 0x00000000a0a00000, 0x00000000a0a00000|100%| O|  |TAMS 0x00000000a0a00000, 0x00000000a0900000| Untracked 
|  10|0x00000000a0a00000, 0x00000000a0b00000, 0x00000000a0b00000|100%| O|  |TAMS 0x00000000a0b00000, 0x00000000a0a00000| Untracked 
|  11|0x00000000a0b00000, 0x00000000a0c00000, 0x00000000a0c00000|100%| O|  |TAMS 0x00000000a0c00000, 0x00000000a0b00000| Untracked 
|  12|0x00000000a0c00000, 0x00000000a0d00000, 0x00000000a0d00000|100%| O|  |TAMS 0x00000000a0d00000, 0x00000000a0c00000| Untracked 
|  13|0x00000000a0d00000, 0x00000000a0e00000, 0x00000000a0e00000|100%| O|  |TAMS 0x00000000a0e00000, 0x00000000a0d00000| Untracked 
|  14|0x00000000a0e00000, 0x00000000a0f00000, 0x00000000a0f00000|100%| O|  |TAMS 0x00000000a0f00000, 0x00000000a0e00000| Untracked 
|  15|0x00000000a0f00000, 0x00000000a1000000, 0x00000000a1000000|100%| O|  |TAMS 0x00000000a1000000, 0x00000000a0f00000| Untracked 
|  16|0x00000000a1000000, 0x00000000a1100000, 0x00000000a1100000|100%| O|  |TAMS 0x00000000a1100000, 0x00000000a1000000| Untracked 
|  17|0x00000000a1100000, 0x00000000a1200000, 0x00000000a1200000|100%|HS|  |TAMS 0x00000000a1200000, 0x00000000a1100000| Complete 
|  18|0x00000000a1200000, 0x00000000a1300000, 0x00000000a1300000|100%|HS|  |TAMS 0x00000000a1300000, 0x00000000a1200000| Complete 
|  19|0x00000000a1300000, 0x00000000a1400000, 0x00000000a1400000|100%|HS|  |TAMS 0x00000000a1400000, 0x00000000a1300000| Complete 
|  20|0x00000000a1400000, 0x00000000a1500000, 0x00000000a1500000|100%|HS|  |TAMS 0x00000000a1500000, 0x00000000a1400000| Complete 
|  21|0x00000000a1500000, 0x00000000a1600000, 0x00000000a1600000|100%|HS|  |TAMS 0x00000000a1600000, 0x00000000a1500000| Complete 
|  22|0x00000000a1600000, 0x00000000a1700000, 0x00000000a1700000|100%|HC|  |TAMS 0x00000000a1700000, 0x00000000a1600000| Complete 
|  23|0x00000000a1700000, 0x00000000a1800000, 0x00000000a1800000|100%|HC|  |TAMS 0x00000000a1800000, 0x00000000a1700000| Complete 
|  24|0x00000000a1800000, 0x00000000a1900000, 0x00000000a1900000|100%|HS|  |TAMS 0x00000000a1900000, 0x00000000a1800000| Complete 
|  25|0x00000000a1900000, 0x00000000a1a00000, 0x00000000a1a00000|100%|HC|  |TAMS 0x00000000a1a00000, 0x00000000a1900000| Complete 
|  26|0x00000000a1a00000, 0x00000000a1b00000, 0x00000000a1b00000|100%| O|  |TAMS 0x00000000a1b00000, 0x00000000a1a00000| Untracked 
|  27|0x00000000a1b00000, 0x00000000a1c00000, 0x00000000a1c00000|100%| O|  |TAMS 0x00000000a1c00000, 0x00000000a1b00000| Untracked 
|  28|0x00000000a1c00000, 0x00000000a1d00000, 0x00000000a1d00000|100%| O|  |TAMS 0x00000000a1d00000, 0x00000000a1c00000| Untracked 
|  29|0x00000000a1d00000, 0x00000000a1e00000, 0x00000000a1e00000|100%| O|  |TAMS 0x00000000a1e00000, 0x00000000a1d00000| Untracked 
|  30|0x00000000a1e00000, 0x00000000a1f00000, 0x00000000a1f00000|100%| O|  |TAMS 0x00000000a1f00000, 0x00000000a1e00000| Untracked 
|  31|0x00000000a1f00000, 0x00000000a2000000, 0x00000000a2000000|100%| O|  |TAMS 0x00000000a2000000, 0x00000000a1f00000| Untracked 
|  32|0x00000000a2000000, 0x00000000a2100000, 0x00000000a2100000|100%| O|  |TAMS 0x00000000a2100000, 0x00000000a2000000| Untracked 
|  33|0x00000000a2100000, 0x00000000a2200000, 0x00000000a2200000|100%| O|  |TAMS 0x00000000a2200000, 0x00000000a2100000| Untracked 
|  34|0x00000000a2200000, 0x00000000a2300000, 0x00000000a2300000|100%| O|  |TAMS 0x00000000a2300000, 0x00000000a2200000| Untracked 
|  35|0x00000000a2300000, 0x00000000a2400000, 0x00000000a2400000|100%| O|  |TAMS 0x00000000a2400000, 0x00000000a2300000| Untracked 
|  36|0x00000000a2400000, 0x00000000a2500000, 0x00000000a2500000|100%| O|  |TAMS 0x00000000a2500000, 0x00000000a2400000| Untracked 
|  37|0x00000000a2500000, 0x00000000a2600000, 0x00000000a2600000|100%| O|  |TAMS 0x00000000a2600000, 0x00000000a2500000| Untracked 
|  38|0x00000000a2600000, 0x00000000a2700000, 0x00000000a2700000|100%| O|  |TAMS 0x00000000a2700000, 0x00000000a2600000| Untracked 
|  39|0x00000000a2700000, 0x00000000a2800000, 0x00000000a2800000|100%| O|  |TAMS 0x00000000a2800000, 0x00000000a2700000| Untracked 
|  40|0x00000000a2800000, 0x00000000a2900000, 0x00000000a2900000|100%| O|  |TAMS 0x00000000a2900000, 0x00000000a2800000| Untracked 
|  41|0x00000000a2900000, 0x00000000a2a00000, 0x00000000a2a00000|100%| O|  |TAMS 0x00000000a2a00000, 0x00000000a2900000| Untracked 
|  42|0x00000000a2a00000, 0x00000000a2b00000, 0x00000000a2b00000|100%| O|  |TAMS 0x00000000a2b00000, 0x00000000a2a00000| Untracked 
|  43|0x00000000a2b00000, 0x00000000a2c00000, 0x00000000a2c00000|100%| O|  |TAMS 0x00000000a2c00000, 0x00000000a2b00000| Untracked 
|  44|0x00000000a2c00000, 0x00000000a2d00000, 0x00000000a2d00000|100%| O|  |TAMS 0x00000000a2d00000, 0x00000000a2c00000| Untracked 
|  45|0x00000000a2d00000, 0x00000000a2e00000, 0x00000000a2e00000|100%| O|  |TAMS 0x00000000a2e00000, 0x00000000a2d00000| Untracked 
|  46|0x00000000a2e00000, 0x00000000a2f00000, 0x00000000a2f00000|100%| O|  |TAMS 0x00000000a2f00000, 0x00000000a2e00000| Untracked 
|  47|0x00000000a2f00000, 0x00000000a3000000, 0x00000000a3000000|100%| O|  |TAMS 0x00000000a3000000, 0x00000000a2f00000| Untracked 
|  48|0x00000000a3000000, 0x00000000a3100000, 0x00000000a3100000|100%| O|  |TAMS 0x00000000a3100000, 0x00000000a3000000| Untracked 
|  49|0x00000000a3100000, 0x00000000a3200000, 0x00000000a3200000|100%| O|  |TAMS 0x00000000a3200000, 0x00000000a3100000| Untracked 
|  50|0x00000000a3200000, 0x00000000a3300000, 0x00000000a3300000|100%|HS|  |TAMS 0x00000000a3300000, 0x00000000a3200000| Complete 
|  51|0x00000000a3300000, 0x00000000a3400000, 0x00000000a3400000|100%|HS|  |TAMS 0x00000000a3400000, 0x00000000a3300000| Complete 
|  52|0x00000000a3400000, 0x00000000a3500000, 0x00000000a3500000|100%|HC|  |TAMS 0x00000000a3500000, 0x00000000a3400000| Complete 
|  53|0x00000000a3500000, 0x00000000a3600000, 0x00000000a3600000|100%| O|  |TAMS 0x00000000a3600000, 0x00000000a3500000| Untracked 
|  54|0x00000000a3600000, 0x00000000a3700000, 0x00000000a3700000|100%| O|  |TAMS 0x00000000a3700000, 0x00000000a3600000| Untracked 
|  55|0x00000000a3700000, 0x00000000a3800000, 0x00000000a3800000|100%| O|  |TAMS 0x00000000a3800000, 0x00000000a3700000| Untracked 
|  56|0x00000000a3800000, 0x00000000a3900000, 0x00000000a3900000|100%| O|  |TAMS 0x00000000a3900000, 0x00000000a3800000| Untracked 
|  57|0x00000000a3900000, 0x00000000a3a00000, 0x00000000a3a00000|100%| O|  |TAMS 0x00000000a3a00000, 0x00000000a3900000| Untracked 
|  58|0x00000000a3a00000, 0x00000000a3b00000, 0x00000000a3b00000|100%| O|  |TAMS 0x00000000a3b00000, 0x00000000a3a00000| Untracked 
|  59|0x00000000a3b00000, 0x00000000a3c00000, 0x00000000a3c00000|100%| O|  |TAMS 0x00000000a3c00000, 0x00000000a3b00000| Untracked 
|  60|0x00000000a3c00000, 0x00000000a3d00000, 0x00000000a3d00000|100%| O|  |TAMS 0x00000000a3d00000, 0x00000000a3c00000| Untracked 
|  61|0x00000000a3d00000, 0x00000000a3e00000, 0x00000000a3e00000|100%| O|  |TAMS 0x00000000a3e00000, 0x00000000a3d00000| Untracked 
|  62|0x00000000a3e00000, 0x00000000a3f00000, 0x00000000a3f00000|100%| O|  |TAMS 0x00000000a3f00000, 0x00000000a3e00000| Untracked 
|  63|0x00000000a3f00000, 0x00000000a4000000, 0x00000000a4000000|100%| O|  |TAMS 0x00000000a4000000, 0x00000000a3f00000| Untracked 
|  64|0x00000000a4000000, 0x00000000a4100000, 0x00000000a4100000|100%| O|  |TAMS 0x00000000a4100000, 0x00000000a4000000| Untracked 
|  65|0x00000000a4100000, 0x00000000a4200000, 0x00000000a4200000|100%|HS|  |TAMS 0x00000000a4200000, 0x00000000a4100000| Complete 
|  66|0x00000000a4200000, 0x00000000a4300000, 0x00000000a4300000|100%|HS|  |TAMS 0x00000000a4300000, 0x00000000a4200000| Complete 
|  67|0x00000000a4300000, 0x00000000a4400000, 0x00000000a4400000|100%| O|  |TAMS 0x00000000a4400000, 0x00000000a4300000| Untracked 
|  68|0x00000000a4400000, 0x00000000a4500000, 0x00000000a4500000|100%| O|  |TAMS 0x00000000a4500000, 0x00000000a4400000| Untracked 
|  69|0x00000000a4500000, 0x00000000a4600000, 0x00000000a4600000|100%| O|  |TAMS 0x00000000a4600000, 0x00000000a4500000| Untracked 
|  70|0x00000000a4600000, 0x00000000a4700000, 0x00000000a4700000|100%| O|  |TAMS 0x00000000a4700000, 0x00000000a4600000| Untracked 
|  71|0x00000000a4700000, 0x00000000a4800000, 0x00000000a4800000|100%|HS|  |TAMS 0x00000000a4800000, 0x00000000a4700000| Complete 
|  72|0x00000000a4800000, 0x00000000a4900000, 0x00000000a4900000|100%|HS|  |TAMS 0x00000000a4900000, 0x00000000a4800000| Complete 
|  73|0x00000000a4900000, 0x00000000a4a00000, 0x00000000a4a00000|100%| O|  |TAMS 0x00000000a4a00000, 0x00000000a4900000| Untracked 
|  74|0x00000000a4a00000, 0x00000000a4b00000, 0x00000000a4b00000|100%| O|  |TAMS 0x00000000a4b00000, 0x00000000a4a00000| Untracked 
|  75|0x00000000a4b00000, 0x00000000a4c00000, 0x00000000a4c00000|100%| O|  |TAMS 0x00000000a4c00000, 0x00000000a4b00000| Untracked 
|  76|0x00000000a4c00000, 0x00000000a4d00000, 0x00000000a4d00000|100%| O|  |TAMS 0x00000000a4d00000, 0x00000000a4c00000| Untracked 
|  77|0x00000000a4d00000, 0x00000000a4e00000, 0x00000000a4e00000|100%| O|  |TAMS 0x00000000a4e00000, 0x00000000a4d00000| Untracked 
|  78|0x00000000a4e00000, 0x00000000a4f00000, 0x00000000a4f00000|100%| O|  |TAMS 0x00000000a4f00000, 0x00000000a4e00000| Untracked 
|  79|0x00000000a4f00000, 0x00000000a5000000, 0x00000000a5000000|100%| O|  |TAMS 0x00000000a5000000, 0x00000000a4f00000| Untracked 
|  80|0x00000000a5000000, 0x00000000a5100000, 0x00000000a5100000|100%| O|  |TAMS 0x00000000a5100000, 0x00000000a5000000| Untracked 
|  81|0x00000000a5100000, 0x00000000a5200000, 0x00000000a5200000|100%| O|  |TAMS 0x00000000a5200000, 0x00000000a5100000| Untracked 
|  82|0x00000000a5200000, 0x00000000a5300000, 0x00000000a5300000|100%| O|  |TAMS 0x00000000a5300000, 0x00000000a5200000| Untracked 
|  83|0x00000000a5300000, 0x00000000a5400000, 0x00000000a5400000|100%| O|  |TAMS 0x00000000a5400000, 0x00000000a5300000| Untracked 
|  84|0x00000000a5400000, 0x00000000a5500000, 0x00000000a5500000|100%| O|  |TAMS 0x00000000a5500000, 0x00000000a5400000| Untracked 
|  85|0x00000000a5500000, 0x00000000a5600000, 0x00000000a5600000|100%| O|  |TAMS 0x00000000a5600000, 0x00000000a5500000| Untracked 
|  86|0x00000000a5600000, 0x00000000a5700000, 0x00000000a5700000|100%| O|  |TAMS 0x00000000a5700000, 0x00000000a5600000| Untracked 
|  87|0x00000000a5700000, 0x00000000a5800000, 0x00000000a5800000|100%| O|  |TAMS 0x00000000a5800000, 0x00000000a5700000| Untracked 
|  88|0x00000000a5800000, 0x00000000a5900000, 0x00000000a5900000|100%| O|  |TAMS 0x00000000a5900000, 0x00000000a5800000| Untracked 
|  89|0x00000000a5900000, 0x00000000a5a00000, 0x00000000a5a00000|100%| O|  |TAMS 0x00000000a5a00000, 0x00000000a5900000| Untracked 
|  90|0x00000000a5a00000, 0x00000000a5b00000, 0x00000000a5b00000|100%| O|  |TAMS 0x00000000a5b00000, 0x00000000a5a00000| Untracked 
|  91|0x00000000a5b00000, 0x00000000a5c00000, 0x00000000a5c00000|100%| O|  |TAMS 0x00000000a5c00000, 0x00000000a5b00000| Untracked 
|  92|0x00000000a5c00000, 0x00000000a5d00000, 0x00000000a5d00000|100%| O|  |TAMS 0x00000000a5d00000, 0x00000000a5c00000| Untracked 
|  93|0x00000000a5d00000, 0x00000000a5e00000, 0x00000000a5e00000|100%| O|  |TAMS 0x00000000a5e00000, 0x00000000a5d00000| Untracked 
|  94|0x00000000a5e00000, 0x00000000a5f00000, 0x00000000a5f00000|100%| O|  |TAMS 0x00000000a5f00000, 0x00000000a5e00000| Untracked 
|  95|0x00000000a5f00000, 0x00000000a6000000, 0x00000000a6000000|100%| O|  |TAMS 0x00000000a6000000, 0x00000000a5f00000| Untracked 
|  96|0x00000000a6000000, 0x00000000a6100000, 0x00000000a6100000|100%| O|  |TAMS 0x00000000a6100000, 0x00000000a6000000| Untracked 
|  97|0x00000000a6100000, 0x00000000a6200000, 0x00000000a6200000|100%| O|  |TAMS 0x00000000a6200000, 0x00000000a6100000| Untracked 
|  98|0x00000000a6200000, 0x00000000a6300000, 0x00000000a6300000|100%| O|  |TAMS 0x00000000a6300000, 0x00000000a6200000| Untracked 
|  99|0x00000000a6300000, 0x00000000a6400000, 0x00000000a6400000|100%| O|  |TAMS 0x00000000a6400000, 0x00000000a6300000| Untracked 
| 100|0x00000000a6400000, 0x00000000a6500000, 0x00000000a6500000|100%| O|  |TAMS 0x00000000a6500000, 0x00000000a6400000| Untracked 
| 101|0x00000000a6500000, 0x00000000a6600000, 0x00000000a6600000|100%| O|  |TAMS 0x00000000a6600000, 0x00000000a6500000| Untracked 
| 102|0x00000000a6600000, 0x00000000a6700000, 0x00000000a6700000|100%| O|  |TAMS 0x00000000a6700000, 0x00000000a6600000| Untracked 
| 103|0x00000000a6700000, 0x00000000a6800000, 0x00000000a6800000|100%| O|  |TAMS 0x00000000a6800000, 0x00000000a6700000| Untracked 
| 104|0x00000000a6800000, 0x00000000a6900000, 0x00000000a6900000|100%| O|  |TAMS 0x00000000a6900000, 0x00000000a6800000| Untracked 
| 105|0x00000000a6900000, 0x00000000a6a00000, 0x00000000a6a00000|100%| O|  |TAMS 0x00000000a6a00000, 0x00000000a6900000| Untracked 
| 106|0x00000000a6a00000, 0x00000000a6b00000, 0x00000000a6b00000|100%| O|  |TAMS 0x00000000a6b00000, 0x00000000a6a00000| Untracked 
| 107|0x00000000a6b00000, 0x00000000a6c00000, 0x00000000a6c00000|100%| O|  |TAMS 0x00000000a6c00000, 0x00000000a6b00000| Untracked 
| 108|0x00000000a6c00000, 0x00000000a6d00000, 0x00000000a6d00000|100%| O|  |TAMS 0x00000000a6d00000, 0x00000000a6c00000| Untracked 
| 109|0x00000000a6d00000, 0x00000000a6e00000, 0x00000000a6e00000|100%| O|  |TAMS 0x00000000a6e00000, 0x00000000a6d00000| Untracked 
| 110|0x00000000a6e00000, 0x00000000a6f00000, 0x00000000a6f00000|100%| O|  |TAMS 0x00000000a6f00000, 0x00000000a6e00000| Untracked 
| 111|0x00000000a6f00000, 0x00000000a7000000, 0x00000000a7000000|100%| O|  |TAMS 0x00000000a7000000, 0x00000000a6f00000| Untracked 
| 112|0x00000000a7000000, 0x00000000a7100000, 0x00000000a7100000|100%| O|  |TAMS 0x00000000a7100000, 0x00000000a7000000| Untracked 
| 113|0x00000000a7100000, 0x00000000a7200000, 0x00000000a7200000|100%| O|  |TAMS 0x00000000a7200000, 0x00000000a7100000| Untracked 
| 114|0x00000000a7200000, 0x00000000a7300000, 0x00000000a7300000|100%| O|  |TAMS 0x00000000a7300000, 0x00000000a7200000| Untracked 
| 115|0x00000000a7300000, 0x00000000a7400000, 0x00000000a7400000|100%| O|  |TAMS 0x00000000a7400000, 0x00000000a7300000| Untracked 
| 116|0x00000000a7400000, 0x00000000a7500000, 0x00000000a7500000|100%| O|  |TAMS 0x00000000a7500000, 0x00000000a7400000| Untracked 
| 117|0x00000000a7500000, 0x00000000a7600000, 0x00000000a7600000|100%| O|  |TAMS 0x00000000a7600000, 0x00000000a7500000| Untracked 
| 118|0x00000000a7600000, 0x00000000a7700000, 0x00000000a7700000|100%| O|  |TAMS 0x00000000a7700000, 0x00000000a7600000| Untracked 
| 119|0x00000000a7700000, 0x00000000a7800000, 0x00000000a7800000|100%| O|  |TAMS 0x00000000a7800000, 0x00000000a7700000| Untracked 
| 120|0x00000000a7800000, 0x00000000a7900000, 0x00000000a7900000|100%| O|  |TAMS 0x00000000a7900000, 0x00000000a7800000| Untracked 
| 121|0x00000000a7900000, 0x00000000a7a00000, 0x00000000a7a00000|100%| O|  |TAMS 0x00000000a7a00000, 0x00000000a7900000| Untracked 
| 122|0x00000000a7a00000, 0x00000000a7b00000, 0x00000000a7b00000|100%| O|  |TAMS 0x00000000a7b00000, 0x00000000a7a00000| Untracked 
| 123|0x00000000a7b00000, 0x00000000a7c00000, 0x00000000a7c00000|100%| O|  |TAMS 0x00000000a7c00000, 0x00000000a7b00000| Untracked 
| 124|0x00000000a7c00000, 0x00000000a7d00000, 0x00000000a7d00000|100%| O|  |TAMS 0x00000000a7d00000, 0x00000000a7c00000| Untracked 
| 125|0x00000000a7d00000, 0x00000000a7e00000, 0x00000000a7e00000|100%| O|  |TAMS 0x00000000a7e00000, 0x00000000a7d00000| Untracked 
| 126|0x00000000a7e00000, 0x00000000a7f00000, 0x00000000a7f00000|100%| O|  |TAMS 0x00000000a7f00000, 0x00000000a7e00000| Untracked 
| 127|0x00000000a7f00000, 0x00000000a8000000, 0x00000000a8000000|100%| O|  |TAMS 0x00000000a8000000, 0x00000000a7f00000| Untracked 
| 128|0x00000000a8000000, 0x00000000a8100000, 0x00000000a8100000|100%| O|  |TAMS 0x00000000a8100000, 0x00000000a8000000| Untracked 
| 129|0x00000000a8100000, 0x00000000a8200000, 0x00000000a8200000|100%| O|  |TAMS 0x00000000a8200000, 0x00000000a8100000| Untracked 
| 130|0x00000000a8200000, 0x00000000a8200000, 0x00000000a8300000|  0%| F|  |TAMS 0x00000000a8200000, 0x00000000a8200000| Untracked 
| 131|0x00000000a8300000, 0x00000000a8300000, 0x00000000a8400000|  0%| F|  |TAMS 0x00000000a8300000, 0x00000000a8300000| Untracked 
| 132|0x00000000a8400000, 0x00000000a8400000, 0x00000000a8500000|  0%| F|  |TAMS 0x00000000a8400000, 0x00000000a8400000| Untracked 
| 133|0x00000000a8500000, 0x00000000a8500000, 0x00000000a8600000|  0%| F|  |TAMS 0x00000000a8500000, 0x00000000a8500000| Untracked 
| 134|0x00000000a8600000, 0x00000000a8600000, 0x00000000a8700000|  0%| F|  |TAMS 0x00000000a8600000, 0x00000000a8600000| Untracked 
| 135|0x00000000a8700000, 0x00000000a8700000, 0x00000000a8800000|  0%| F|  |TAMS 0x00000000a8700000, 0x00000000a8700000| Untracked 
| 136|0x00000000a8800000, 0x00000000a8800000, 0x00000000a8900000|  0%| F|  |TAMS 0x00000000a8800000, 0x00000000a8800000| Untracked 
| 137|0x00000000a8900000, 0x00000000a8900000, 0x00000000a8a00000|  0%| F|  |TAMS 0x00000000a8900000, 0x00000000a8900000| Untracked 
| 138|0x00000000a8a00000, 0x00000000a8a00000, 0x00000000a8b00000|  0%| F|  |TAMS 0x00000000a8a00000, 0x00000000a8a00000| Untracked 
| 139|0x00000000a8b00000, 0x00000000a8b00000, 0x00000000a8c00000|  0%| F|  |TAMS 0x00000000a8b00000, 0x00000000a8b00000| Untracked 
| 140|0x00000000a8c00000, 0x00000000a8c00000, 0x00000000a8d00000|  0%| F|  |TAMS 0x00000000a8c00000, 0x00000000a8c00000| Untracked 
| 141|0x00000000a8d00000, 0x00000000a8d00000, 0x00000000a8e00000|  0%| F|  |TAMS 0x00000000a8d00000, 0x00000000a8d00000| Untracked 
| 142|0x00000000a8e00000, 0x00000000a8e00000, 0x00000000a8f00000|  0%| F|  |TAMS 0x00000000a8e00000, 0x00000000a8e00000| Untracked 
| 143|0x00000000a8f00000, 0x00000000a8f00000, 0x00000000a9000000|  0%| F|  |TAMS 0x00000000a8f00000, 0x00000000a8f00000| Untracked 
| 144|0x00000000a9000000, 0x00000000a9000000, 0x00000000a9100000|  0%| F|  |TAMS 0x00000000a9000000, 0x00000000a9000000| Untracked 
| 145|0x00000000a9100000, 0x00000000a9100000, 0x00000000a9200000|  0%| F|  |TAMS 0x00000000a9100000, 0x00000000a9100000| Untracked 
| 146|0x00000000a9200000, 0x00000000a9200000, 0x00000000a9300000|  0%| F|  |TAMS 0x00000000a9200000, 0x00000000a9200000| Untracked 
| 147|0x00000000a9300000, 0x00000000a9300000, 0x00000000a9400000|  0%| F|  |TAMS 0x00000000a9300000, 0x00000000a9300000| Untracked 
| 148|0x00000000a9400000, 0x00000000a9400000, 0x00000000a9500000|  0%| F|  |TAMS 0x00000000a9400000, 0x00000000a9400000| Untracked 
| 149|0x00000000a9500000, 0x00000000a9500000, 0x00000000a9600000|  0%| F|  |TAMS 0x00000000a9500000, 0x00000000a9500000| Untracked 
| 150|0x00000000a9600000, 0x00000000a9600000, 0x00000000a9700000|  0%| F|  |TAMS 0x00000000a9600000, 0x00000000a9600000| Untracked 
| 151|0x00000000a9700000, 0x00000000a9700000, 0x00000000a9800000|  0%| F|  |TAMS 0x00000000a9700000, 0x00000000a9700000| Untracked 
| 152|0x00000000a9800000, 0x00000000a9800000, 0x00000000a9900000|  0%| F|  |TAMS 0x00000000a9800000, 0x00000000a9800000| Untracked 
| 153|0x00000000a9900000, 0x00000000a9900000, 0x00000000a9a00000|  0%| F|  |TAMS 0x00000000a9900000, 0x00000000a9900000| Untracked 
| 154|0x00000000a9a00000, 0x00000000a9a00000, 0x00000000a9b00000|  0%| F|  |TAMS 0x00000000a9a00000, 0x00000000a9a00000| Untracked 
| 155|0x00000000a9b00000, 0x00000000a9b00000, 0x00000000a9c00000|  0%| F|  |TAMS 0x00000000a9b00000, 0x00000000a9b00000| Untracked 
| 156|0x00000000a9c00000, 0x00000000a9c00000, 0x00000000a9d00000|  0%| F|  |TAMS 0x00000000a9c00000, 0x00000000a9c00000| Untracked 
| 157|0x00000000a9d00000, 0x00000000a9d00000, 0x00000000a9e00000|  0%| F|  |TAMS 0x00000000a9d00000, 0x00000000a9d00000| Untracked 
| 158|0x00000000a9e00000, 0x00000000a9e00000, 0x00000000a9f00000|  0%| F|  |TAMS 0x00000000a9e00000, 0x00000000a9e00000| Untracked 
| 159|0x00000000a9f00000, 0x00000000a9f00000, 0x00000000aa000000|  0%| F|  |TAMS 0x00000000a9f00000, 0x00000000a9f00000| Untracked 
| 160|0x00000000aa000000, 0x00000000aa000000, 0x00000000aa100000|  0%| F|  |TAMS 0x00000000aa000000, 0x00000000aa000000| Untracked 
| 161|0x00000000aa100000, 0x00000000aa100000, 0x00000000aa200000|  0%| F|  |TAMS 0x00000000aa100000, 0x00000000aa100000| Untracked 
| 162|0x00000000aa200000, 0x00000000aa200000, 0x00000000aa300000|  0%| F|  |TAMS 0x00000000aa200000, 0x00000000aa200000| Untracked 
| 163|0x00000000aa300000, 0x00000000aa300000, 0x00000000aa400000|  0%| F|  |TAMS 0x00000000aa300000, 0x00000000aa300000| Untracked 
| 164|0x00000000aa400000, 0x00000000aa400000, 0x00000000aa500000|  0%| F|  |TAMS 0x00000000aa400000, 0x00000000aa400000| Untracked 
| 165|0x00000000aa500000, 0x00000000aa5b00d0, 0x00000000aa600000| 68%| S|CS|TAMS 0x00000000aa500000, 0x00000000aa500000| Complete 
| 166|0x00000000aa600000, 0x00000000aa600000, 0x00000000aa700000|  0%| F|  |TAMS 0x00000000aa600000, 0x00000000aa600000| Untracked 
| 167|0x00000000aa700000, 0x00000000aa700000, 0x00000000aa800000|  0%| F|  |TAMS 0x00000000aa700000, 0x00000000aa700000| Untracked 
| 168|0x00000000aa800000, 0x00000000aa800000, 0x00000000aa900000|  0%| F|  |TAMS 0x00000000aa800000, 0x00000000aa800000| Untracked 
| 169|0x00000000aa900000, 0x00000000aa900000, 0x00000000aaa00000|  0%| F|  |TAMS 0x00000000aa900000, 0x00000000aa900000| Untracked 
| 170|0x00000000aaa00000, 0x00000000aaa00000, 0x00000000aab00000|  0%| F|  |TAMS 0x00000000aaa00000, 0x00000000aaa00000| Untracked 
| 171|0x00000000aab00000, 0x00000000aab00000, 0x00000000aac00000|  0%| F|  |TAMS 0x00000000aab00000, 0x00000000aab00000| Untracked 
| 172|0x00000000aac00000, 0x00000000aac00000, 0x00000000aad00000|  0%| F|  |TAMS 0x00000000aac00000, 0x00000000aac00000| Untracked 
| 173|0x00000000aad00000, 0x00000000aad00000, 0x00000000aae00000|  0%| F|  |TAMS 0x00000000aad00000, 0x00000000aad00000| Untracked 
| 174|0x00000000aae00000, 0x00000000aae00000, 0x00000000aaf00000|  0%| F|  |TAMS 0x00000000aae00000, 0x00000000aae00000| Untracked 
| 175|0x00000000aaf00000, 0x00000000ab000000, 0x00000000ab000000|100%| S|CS|TAMS 0x00000000aaf00000, 0x00000000aaf00000| Complete 
| 176|0x00000000ab000000, 0x00000000ab100000, 0x00000000ab100000|100%| S|CS|TAMS 0x00000000ab000000, 0x00000000ab000000| Complete 
| 177|0x00000000ab100000, 0x00000000ab200000, 0x00000000ab200000|100%| S|CS|TAMS 0x00000000ab100000, 0x00000000ab100000| Complete 
| 178|0x00000000ab200000, 0x00000000ab300000, 0x00000000ab300000|100%| S|CS|TAMS 0x00000000ab200000, 0x00000000ab200000| Complete 
| 179|0x00000000ab300000, 0x00000000ab400000, 0x00000000ab400000|100%| S|CS|TAMS 0x00000000ab300000, 0x00000000ab300000| Complete 
| 180|0x00000000ab400000, 0x00000000ab500000, 0x00000000ab500000|100%| S|CS|TAMS 0x00000000ab400000, 0x00000000ab400000| Complete 
| 181|0x00000000ab500000, 0x00000000ab500000, 0x00000000ab600000|  0%| F|  |TAMS 0x00000000ab500000, 0x00000000ab500000| Untracked 
| 182|0x00000000ab600000, 0x00000000ab600000, 0x00000000ab700000|  0%| F|  |TAMS 0x00000000ab600000, 0x00000000ab600000| Untracked 
| 183|0x00000000ab700000, 0x00000000ab700000, 0x00000000ab800000|  0%| F|  |TAMS 0x00000000ab700000, 0x00000000ab700000| Untracked 
| 184|0x00000000ab800000, 0x00000000ab800000, 0x00000000ab900000|  0%| F|  |TAMS 0x00000000ab800000, 0x00000000ab800000| Untracked 
| 185|0x00000000ab900000, 0x00000000ab900000, 0x00000000aba00000|  0%| F|  |TAMS 0x00000000ab900000, 0x00000000ab900000| Untracked 
| 186|0x00000000aba00000, 0x00000000aba00000, 0x00000000abb00000|  0%| F|  |TAMS 0x00000000aba00000, 0x00000000aba00000| Untracked 
| 187|0x00000000abb00000, 0x00000000abb00000, 0x00000000abc00000|  0%| F|  |TAMS 0x00000000abb00000, 0x00000000abb00000| Untracked 
| 188|0x00000000abc00000, 0x00000000abc00000, 0x00000000abd00000|  0%| F|  |TAMS 0x00000000abc00000, 0x00000000abc00000| Untracked 
| 189|0x00000000abd00000, 0x00000000abd00000, 0x00000000abe00000|  0%| F|  |TAMS 0x00000000abd00000, 0x00000000abd00000| Untracked 
| 190|0x00000000abe00000, 0x00000000abe00000, 0x00000000abf00000|  0%| F|  |TAMS 0x00000000abe00000, 0x00000000abe00000| Untracked 
| 191|0x00000000abf00000, 0x00000000abf00000, 0x00000000ac000000|  0%| F|  |TAMS 0x00000000abf00000, 0x00000000abf00000| Untracked 
| 192|0x00000000ac000000, 0x00000000ac000000, 0x00000000ac100000|  0%| F|  |TAMS 0x00000000ac000000, 0x00000000ac000000| Untracked 
| 193|0x00000000ac100000, 0x00000000ac100000, 0x00000000ac200000|  0%| F|  |TAMS 0x00000000ac100000, 0x00000000ac100000| Untracked 
| 194|0x00000000ac200000, 0x00000000ac200000, 0x00000000ac300000|  0%| F|  |TAMS 0x00000000ac200000, 0x00000000ac200000| Untracked 
| 195|0x00000000ac300000, 0x00000000ac300000, 0x00000000ac400000|  0%| F|  |TAMS 0x00000000ac300000, 0x00000000ac300000| Untracked 
| 196|0x00000000ac400000, 0x00000000ac400000, 0x00000000ac500000|  0%| F|  |TAMS 0x00000000ac400000, 0x00000000ac400000| Untracked 
| 197|0x00000000ac500000, 0x00000000ac57bfb0, 0x00000000ac600000| 48%| E|  |TAMS 0x00000000ac500000, 0x00000000ac500000| Complete 
| 198|0x00000000ac600000, 0x00000000ac700000, 0x00000000ac700000|100%| E|CS|TAMS 0x00000000ac600000, 0x00000000ac600000| Complete 
| 199|0x00000000ac700000, 0x00000000ac800000, 0x00000000ac800000|100%| E|CS|TAMS 0x00000000ac700000, 0x00000000ac700000| Complete 
| 200|0x00000000ac800000, 0x00000000ac900000, 0x00000000ac900000|100%| E|CS|TAMS 0x00000000ac800000, 0x00000000ac800000| Complete 
| 201|0x00000000ac900000, 0x00000000aca00000, 0x00000000aca00000|100%| E|CS|TAMS 0x00000000ac900000, 0x00000000ac900000| Complete 
| 202|0x00000000aca00000, 0x00000000acb00000, 0x00000000acb00000|100%| E|CS|TAMS 0x00000000aca00000, 0x00000000aca00000| Complete 
| 203|0x00000000acb00000, 0x00000000acc00000, 0x00000000acc00000|100%| E|CS|TAMS 0x00000000acb00000, 0x00000000acb00000| Complete 
| 204|0x00000000acc00000, 0x00000000acd00000, 0x00000000acd00000|100%| E|CS|TAMS 0x00000000acc00000, 0x00000000acc00000| Complete 
| 205|0x00000000acd00000, 0x00000000ace00000, 0x00000000ace00000|100%| E|  |TAMS 0x00000000acd00000, 0x00000000acd00000| Complete 
| 206|0x00000000ace00000, 0x00000000acf00000, 0x00000000acf00000|100%| E|CS|TAMS 0x00000000ace00000, 0x00000000ace00000| Complete 
| 207|0x00000000acf00000, 0x00000000ad000000, 0x00000000ad000000|100%| E|CS|TAMS 0x00000000acf00000, 0x00000000acf00000| Complete 
| 208|0x00000000ad000000, 0x00000000ad100000, 0x00000000ad100000|100%| E|CS|TAMS 0x00000000ad000000, 0x00000000ad000000| Complete 
| 209|0x00000000ad100000, 0x00000000ad200000, 0x00000000ad200000|100%| E|CS|TAMS 0x00000000ad100000, 0x00000000ad100000| Complete 
| 210|0x00000000ad200000, 0x00000000ad300000, 0x00000000ad300000|100%| E|CS|TAMS 0x00000000ad200000, 0x00000000ad200000| Complete 
| 211|0x00000000ad300000, 0x00000000ad400000, 0x00000000ad400000|100%| E|CS|TAMS 0x00000000ad300000, 0x00000000ad300000| Complete 
| 212|0x00000000ad400000, 0x00000000ad500000, 0x00000000ad500000|100%| E|CS|TAMS 0x00000000ad400000, 0x00000000ad400000| Complete 
| 213|0x00000000ad500000, 0x00000000ad600000, 0x00000000ad600000|100%| E|CS|TAMS 0x00000000ad500000, 0x00000000ad500000| Complete 
| 214|0x00000000ad600000, 0x00000000ad700000, 0x00000000ad700000|100%| E|CS|TAMS 0x00000000ad600000, 0x00000000ad600000| Complete 
| 215|0x00000000ad700000, 0x00000000ad800000, 0x00000000ad800000|100%| E|CS|TAMS 0x00000000ad700000, 0x00000000ad700000| Complete 
| 216|0x00000000ad800000, 0x00000000ad900000, 0x00000000ad900000|100%| E|CS|TAMS 0x00000000ad800000, 0x00000000ad800000| Complete 
| 217|0x00000000ad900000, 0x00000000ada00000, 0x00000000ada00000|100%| E|CS|TAMS 0x00000000ad900000, 0x00000000ad900000| Complete 
| 218|0x00000000ada00000, 0x00000000adb00000, 0x00000000adb00000|100%| E|CS|TAMS 0x00000000ada00000, 0x00000000ada00000| Complete 
| 219|0x00000000adb00000, 0x00000000adc00000, 0x00000000adc00000|100%| E|CS|TAMS 0x00000000adb00000, 0x00000000adb00000| Complete 
| 220|0x00000000adc00000, 0x00000000add00000, 0x00000000add00000|100%| E|CS|TAMS 0x00000000adc00000, 0x00000000adc00000| Complete 
| 221|0x00000000add00000, 0x00000000ade00000, 0x00000000ade00000|100%| E|CS|TAMS 0x00000000add00000, 0x00000000add00000| Complete 
| 222|0x00000000ade00000, 0x00000000adf00000, 0x00000000adf00000|100%| E|CS|TAMS 0x00000000ade00000, 0x00000000ade00000| Complete 
| 223|0x00000000adf00000, 0x00000000ae000000, 0x00000000ae000000|100%| E|CS|TAMS 0x00000000adf00000, 0x00000000adf00000| Complete 
| 224|0x00000000ae000000, 0x00000000ae100000, 0x00000000ae100000|100%| E|CS|TAMS 0x00000000ae000000, 0x00000000ae000000| Complete 
| 225|0x00000000ae100000, 0x00000000ae200000, 0x00000000ae200000|100%| E|CS|TAMS 0x00000000ae100000, 0x00000000ae100000| Complete 
| 226|0x00000000ae200000, 0x00000000ae300000, 0x00000000ae300000|100%| E|CS|TAMS 0x00000000ae200000, 0x00000000ae200000| Complete 
| 227|0x00000000ae300000, 0x00000000ae400000, 0x00000000ae400000|100%| E|CS|TAMS 0x00000000ae300000, 0x00000000ae300000| Complete 
| 228|0x00000000ae400000, 0x00000000ae500000, 0x00000000ae500000|100%| E|CS|TAMS 0x00000000ae400000, 0x00000000ae400000| Complete 
| 229|0x00000000ae500000, 0x00000000ae600000, 0x00000000ae600000|100%| E|CS|TAMS 0x00000000ae500000, 0x00000000ae500000| Complete 
| 230|0x00000000ae600000, 0x00000000ae700000, 0x00000000ae700000|100%| E|CS|TAMS 0x00000000ae600000, 0x00000000ae600000| Complete 
| 231|0x00000000ae700000, 0x00000000ae800000, 0x00000000ae800000|100%| E|CS|TAMS 0x00000000ae700000, 0x00000000ae700000| Complete 
| 232|0x00000000ae800000, 0x00000000ae900000, 0x00000000ae900000|100%| E|CS|TAMS 0x00000000ae800000, 0x00000000ae800000| Complete 
| 233|0x00000000ae900000, 0x00000000aea00000, 0x00000000aea00000|100%| E|CS|TAMS 0x00000000ae900000, 0x00000000ae900000| Complete 
| 234|0x00000000aea00000, 0x00000000aeb00000, 0x00000000aeb00000|100%| E|CS|TAMS 0x00000000aea00000, 0x00000000aea00000| Complete 
| 235|0x00000000aeb00000, 0x00000000aec00000, 0x00000000aec00000|100%| E|CS|TAMS 0x00000000aeb00000, 0x00000000aeb00000| Complete 
| 236|0x00000000aec00000, 0x00000000aed00000, 0x00000000aed00000|100%| E|CS|TAMS 0x00000000aec00000, 0x00000000aec00000| Complete 
| 237|0x00000000aed00000, 0x00000000aee00000, 0x00000000aee00000|100%| E|CS|TAMS 0x00000000aed00000, 0x00000000aed00000| Complete 
| 238|0x00000000aee00000, 0x00000000aef00000, 0x00000000aef00000|100%| E|CS|TAMS 0x00000000aee00000, 0x00000000aee00000| Complete 
| 239|0x00000000aef00000, 0x00000000af000000, 0x00000000af000000|100%| E|CS|TAMS 0x00000000aef00000, 0x00000000aef00000| Complete 
| 240|0x00000000af000000, 0x00000000af100000, 0x00000000af100000|100%| E|CS|TAMS 0x00000000af000000, 0x00000000af000000| Complete 
| 241|0x00000000af100000, 0x00000000af200000, 0x00000000af200000|100%| E|CS|TAMS 0x00000000af100000, 0x00000000af100000| Complete 
| 242|0x00000000af200000, 0x00000000af300000, 0x00000000af300000|100%| E|CS|TAMS 0x00000000af200000, 0x00000000af200000| Complete 
| 243|0x00000000af300000, 0x00000000af400000, 0x00000000af400000|100%| E|CS|TAMS 0x00000000af300000, 0x00000000af300000| Complete 
| 244|0x00000000af400000, 0x00000000af500000, 0x00000000af500000|100%| E|CS|TAMS 0x00000000af400000, 0x00000000af400000| Complete 
| 245|0x00000000af500000, 0x00000000af600000, 0x00000000af600000|100%| E|CS|TAMS 0x00000000af500000, 0x00000000af500000| Complete 
| 246|0x00000000af600000, 0x00000000af700000, 0x00000000af700000|100%| E|CS|TAMS 0x00000000af600000, 0x00000000af600000| Complete 
| 247|0x00000000af700000, 0x00000000af800000, 0x00000000af800000|100%| E|CS|TAMS 0x00000000af700000, 0x00000000af700000| Complete 
| 248|0x00000000af800000, 0x00000000af900000, 0x00000000af900000|100%| E|CS|TAMS 0x00000000af800000, 0x00000000af800000| Complete 
| 249|0x00000000af900000, 0x00000000afa00000, 0x00000000afa00000|100%| E|CS|TAMS 0x00000000af900000, 0x00000000af900000| Complete 
| 250|0x00000000afa00000, 0x00000000afb00000, 0x00000000afb00000|100%| E|CS|TAMS 0x00000000afa00000, 0x00000000afa00000| Complete 
| 251|0x00000000afb00000, 0x00000000afc00000, 0x00000000afc00000|100%| E|CS|TAMS 0x00000000afb00000, 0x00000000afb00000| Complete 
| 252|0x00000000afc00000, 0x00000000afd00000, 0x00000000afd00000|100%| E|CS|TAMS 0x00000000afc00000, 0x00000000afc00000| Complete 
| 253|0x00000000afd00000, 0x00000000afe00000, 0x00000000afe00000|100%| E|CS|TAMS 0x00000000afd00000, 0x00000000afd00000| Complete 

Card table byte_map: [0x000001e9e4df0000,0x000001e9e50f0000] _byte_map_base: 0x000001e9e48f0000

Marking Bits (Prev, Next): (CMBitMap*) 0x000001e9d1ce4c08, (CMBitMap*) 0x000001e9d1ce4c40
 Prev Bits: [0x000001e9e53f0000, 0x000001e9e6bf0000)
 Next Bits: [0x000001e9e6bf0000, 0x000001e9e83f0000)

Polling page: 0x000001e9cfcc0000

Metaspace:

Usage:
  Non-class:     85.19 MB capacity,    82.68 MB ( 97%) used,     2.21 MB (  3%) free+waste,   308.50 KB ( <1%) overhead. 
      Class:     13.37 MB capacity,    12.17 MB ( 91%) used,     1.06 MB (  8%) free+waste,   141.13 KB (  1%) overhead. 
       Both:     98.56 MB capacity,    94.85 MB ( 96%) used,     3.28 MB (  3%) free+waste,   449.63 KB ( <1%) overhead. 

Virtual space:
  Non-class space:       86.00 MB reserved,      85.34 MB (>99%) committed 
      Class space:        1.00 GB reserved,      13.45 MB (  1%) committed 
             Both:        1.08 GB reserved,      98.79 MB (  9%) committed 

Chunk freelists:
   Non-Class:  21.00 KB
       Class:  1.00 KB
        Both:  22.00 KB

MaxMetaspaceSize: 17179869184.00 GB
CompressedClassSpaceSize: 1.00 GB
Initial GC threshold: 20.80 MB
Current GC threshold: 163.60 MB
CDS: off

CodeHeap 'non-profiled nmethods': size=120000Kb used=8880Kb max_used=8880Kb free=111119Kb
 bounds [0x000001e9dd290000, 0x000001e9ddb40000, 0x000001e9e47c0000]
CodeHeap 'profiled nmethods': size=120000Kb used=30077Kb max_used=30077Kb free=89922Kb
 bounds [0x000001e9d5d60000, 0x000001e9d7ac0000, 0x000001e9dd290000]
CodeHeap 'non-nmethods': size=5760Kb used=2380Kb max_used=2461Kb free=3379Kb
 bounds [0x000001e9d57c0000, 0x000001e9d5a30000, 0x000001e9d5d60000]
 total_blobs=14667 nmethods=13776 adapters=803
 compilation: enabled
              stopped_count=0, restarted_count=0
 full_count=0

Compilation events (20 events):
Event: 31.368 Thread 0x000001e9eb733800 nmethod 13855 0x000001e9d7ab8a90 code [0x000001e9d7ab8fc0, 0x000001e9d7abb888]
Event: 31.368 Thread 0x000001e9eb733800 13856       3       sun.management.spi.PlatformMBeanProvider$PlatformComponent$$Lambda$66/0x000000010017bc40::test (9 bytes)
Event: 31.368 Thread 0x000001e9eb733800 nmethod 13856 0x000001e9d7abc990 code [0x000001e9d7abcb40, 0x000001e9d7abcc78]
Event: 31.368 Thread 0x000001e9eb733800 13857       3       sun.management.spi.PlatformMBeanProvider$PlatformComponent$$Lambda$67/0x000000010017b040::apply (9 bytes)
Event: 31.369 Thread 0x000001e9eb733800 nmethod 13857 0x000001e9d7abcd10 code [0x000001e9d7abcf00, 0x000001e9d7abd218]
Event: 31.724 Thread 0x000001e9eb733800 13858       1       java.net.InetAddress::holder (5 bytes)
Event: 31.724 Thread 0x000001e9eb733800 nmethod 13858 0x000001e9ddb37990 code [0x000001e9ddb37b40, 0x000001e9ddb37bf8]
Event: 32.645 Thread 0x000001e9eb724800 13859       4       java.util.TimSort::sort (229 bytes)
Event: 32.738 Thread 0x000001e9eb724800 nmethod 13859 0x000001e9ddb37c90 code [0x000001e9ddb37f00, 0x000001e9ddb3a0a0]
Event: 34.625 Thread 0x000001e9eb724800 13860       4       org.gradle.internal.logging.text.AbstractLineChoppingStyledTextOutput$1::execute (9 bytes)
Event: 34.625 Thread 0x000001e9eb733800 13861       3       org.gradle.internal.io.LineBufferingOutputStream::write (59 bytes)
Event: 34.626 Thread 0x000001e9eb733800 nmethod 13861 0x000001e9d7abd390 code [0x000001e9d7abd660, 0x000001e9d7abe438]
Event: 34.626 Thread 0x000001e9eb733800 13862       3       org.gradle.internal.io.StreamByteBuffer$StreamByteBufferOutputStream::write (22 bytes)
Event: 34.626 Thread 0x000001e9eb733800 nmethod 13862 0x000001e9d7abe990 code [0x000001e9d7abeb60, 0x000001e9d7abede8]
Event: 34.626 Thread 0x000001e9eb733800 13867       3       org.gradle.internal.io.StreamByteBuffer$StreamByteBufferChunk::write (32 bytes)
Event: 34.626 Thread 0x000001e9eb733800 nmethod 13867 0x000001e9d7abef90 code [0x000001e9d7abf140, 0x000001e9d7abf2d8]
Event: 34.626 Thread 0x000001e9eb733800 13868       3       org.gradle.internal.io.LineBufferingOutputStream::endsWithLineSeparator (27 bytes)
Event: 34.626 Thread 0x000001e9eb733800 nmethod 13868 0x000001e9d7abf390 code [0x000001e9d7abf540, 0x000001e9d7abf6d8]
Event: 34.629 Thread 0x000001e9eb724800 nmethod 13860 0x000001e9ddb3b010 code [0x000001e9ddb3b200, 0x000001e9ddb3b868]
Event: 34.629 Thread 0x000001e9eb724800 13866       4       org.gradle.internal.logging.text.AbstractLineChoppingStyledTextOutput::doAppend (43 bytes)

GC Heap History (20 events):
Event: 5.008 GC heap before
{Heap before GC invocations=6 (full 0):
 garbage-first heap   total 260096K, used 147109K [0x00000000a0000000, 0x0000000100000000)
  region size 1024K, 125 young (128000K), 6 survivors (6144K)
 Metaspace       used 44554K, capacity 45637K, committed 45948K, reserved 1089536K
  class space    used 5593K, capacity 5977K, committed 6092K, reserved 1048576K
}
Event: 5.037 GC heap after
{Heap after GC invocations=7 (full 0):
 garbage-first heap   total 260096K, used 30576K [0x00000000a0000000, 0x0000000100000000)
  region size 1024K, 14 young (14336K), 14 survivors (14336K)
 Metaspace       used 44554K, capacity 45637K, committed 45948K, reserved 1089536K
  class space    used 5593K, capacity 5977K, committed 6092K, reserved 1048576K
}
Event: 6.888 GC heap before
{Heap before GC invocations=7 (full 0):
 garbage-first heap   total 260096K, used 180080K [0x00000000a0000000, 0x0000000100000000)
  region size 1024K, 152 young (155648K), 14 survivors (14336K)
 Metaspace       used 52979K, capacity 54481K, committed 54780K, reserved 1097728K
  class space    used 6647K, capacity 7174K, committed 7244K, reserved 1048576K
}
Event: 6.900 GC heap after
{Heap after GC invocations=8 (full 0):
 garbage-first heap   total 260096K, used 49976K [0x00000000a0000000, 0x0000000100000000)
  region size 1024K, 19 young (19456K), 19 survivors (19456K)
 Metaspace       used 52979K, capacity 54481K, committed 54780K, reserved 1097728K
  class space    used 6647K, capacity 7174K, committed 7244K, reserved 1048576K
}
Event: 7.421 GC heap before
{Heap before GC invocations=8 (full 0):
 garbage-first heap   total 260096K, used 91960K [0x00000000a0000000, 0x0000000100000000)
  region size 1024K, 61 young (62464K), 19 survivors (19456K)
 Metaspace       used 58353K, capacity 59826K, committed 59940K, reserved 1101824K
  class space    used 7276K, capacity 7821K, committed 7884K, reserved 1048576K
}
Event: 7.436 GC heap after
{Heap after GC invocations=9 (full 0):
 garbage-first heap   total 260096K, used 52760K [0x00000000a0000000, 0x0000000100000000)
  region size 1024K, 4 young (4096K), 4 survivors (4096K)
 Metaspace       used 58353K, capacity 59826K, committed 59940K, reserved 1101824K
  class space    used 7276K, capacity 7821K, committed 7884K, reserved 1048576K
}
Event: 9.200 GC heap before
{Heap before GC invocations=10 (full 0):
 garbage-first heap   total 260096K, used 202264K [0x00000000a0000000, 0x0000000100000000)
  region size 1024K, 147 young (150528K), 4 survivors (4096K)
 Metaspace       used 68433K, capacity 70091K, committed 70308K, reserved 1110016K
  class space    used 8541K, capacity 9153K, committed 9292K, reserved 1048576K
}
Event: 9.225 GC heap after
{Heap after GC invocations=11 (full 0):
 garbage-first heap   total 260096K, used 66174K [0x00000000a0000000, 0x0000000100000000)
  region size 1024K, 14 young (14336K), 14 survivors (14336K)
 Metaspace       used 68433K, capacity 70091K, committed 70308K, reserved 1110016K
  class space    used 8541K, capacity 9153K, committed 9292K, reserved 1048576K
}
Event: 10.338 GC heap before
{Heap before GC invocations=11 (full 0):
 garbage-first heap   total 260096K, used 200318K [0x00000000a0000000, 0x0000000100000000)
  region size 1024K, 145 young (148480K), 14 survivors (14336K)
 Metaspace       used 74896K, capacity 76916K, committed 76964K, reserved 1116160K
  class space    used 9557K, capacity 10271K, committed 10316K, reserved 1048576K
}
Event: 10.349 GC heap after
{Heap after GC invocations=12 (full 0):
 garbage-first heap   total 260096K, used 74771K [0x00000000a0000000, 0x0000000100000000)
  region size 1024K, 9 young (9216K), 9 survivors (9216K)
 Metaspace       used 74896K, capacity 76916K, committed 76964K, reserved 1116160K
  class space    used 9557K, capacity 10271K, committed 10316K, reserved 1048576K
}
Event: 11.767 GC heap before
{Heap before GC invocations=12 (full 0):
 garbage-first heap   total 260096K, used 204819K [0x00000000a0000000, 0x0000000100000000)
  region size 1024K, 134 young (137216K), 9 survivors (9216K)
 Metaspace       used 80346K, capacity 82885K, committed 83108K, reserved 1122304K
  class space    used 10361K, capacity 11227K, committed 11340K, reserved 1048576K
}
Event: 11.778 GC heap after
{Heap after GC invocations=13 (full 0):
 garbage-first heap   total 260096K, used 89902K [0x00000000a0000000, 0x0000000100000000)
  region size 1024K, 17 young (17408K), 17 survivors (17408K)
 Metaspace       used 80346K, capacity 82885K, committed 83108K, reserved 1122304K
  class space    used 10361K, capacity 11227K, committed 11340K, reserved 1048576K
}
Event: 13.114 GC heap before
{Heap before GC invocations=13 (full 0):
 garbage-first heap   total 260096K, used 204590K [0x00000000a0000000, 0x0000000100000000)
  region size 1024K, 128 young (131072K), 17 survivors (17408K)
 Metaspace       used 84893K, capacity 88225K, committed 88484K, reserved 1126400K
  class space    used 10960K, capacity 12023K, committed 12108K, reserved 1048576K
}
Event: 13.134 GC heap after
{Heap after GC invocations=14 (full 0):
 garbage-first heap   total 260096K, used 109383K [0x00000000a0000000, 0x0000000100000000)
  region size 1024K, 16 young (16384K), 16 survivors (16384K)
 Metaspace       used 84893K, capacity 88225K, committed 88484K, reserved 1126400K
  class space    used 10960K, capacity 12023K, committed 12108K, reserved 1048576K
}
Event: 14.304 GC heap before
{Heap before GC invocations=14 (full 0):
 garbage-first heap   total 260096K, used 203591K [0x00000000a0000000, 0x0000000100000000)
  region size 1024K, 108 young (110592K), 16 survivors (16384K)
 Metaspace       used 90530K, capacity 94108K, committed 94372K, reserved 1130496K
  class space    used 11687K, capacity 12806K, committed 12876K, reserved 1048576K
}
Event: 14.320 GC heap after
{Heap after GC invocations=15 (full 0):
 garbage-first heap   total 260096K, used 123933K [0x00000000a0000000, 0x0000000100000000)
  region size 1024K, 14 young (14336K), 14 survivors (14336K)
 Metaspace       used 90530K, capacity 94108K, committed 94372K, reserved 1130496K
  class space    used 11687K, capacity 12806K, committed 12876K, reserved 1048576K
}
Event: 15.331 GC heap before
{Heap before GC invocations=15 (full 0):
 garbage-first heap   total 260096K, used 203805K [0x00000000a0000000, 0x0000000100000000)
  region size 1024K, 93 young (95232K), 14 survivors (14336K)
 Metaspace       used 95480K, capacity 99289K, committed 99492K, reserved 1134592K
  class space    used 12316K, capacity 13517K, committed 13644K, reserved 1048576K
}
Event: 15.341 GC heap after
{Heap after GC invocations=16 (full 0):
 garbage-first heap   total 260096K, used 133120K [0x00000000a0000000, 0x0000000100000000)
  region size 1024K, 9 young (9216K), 9 survivors (9216K)
 Metaspace       used 95480K, capacity 99289K, committed 99492K, reserved 1134592K
  class space    used 12316K, capacity 13517K, committed 13644K, reserved 1048576K
}
Event: 16.234 GC heap before
{Heap before GC invocations=16 (full 0):
 garbage-first heap   total 260096K, used 205824K [0x00000000a0000000, 0x0000000100000000)
  region size 1024K, 82 young (83968K), 9 survivors (9216K)
 Metaspace       used 96382K, capacity 100177K, committed 100260K, reserved 1136640K
  class space    used 12372K, capacity 13598K, committed 13644K, reserved 1048576K
}
Event: 16.244 GC heap after
{Heap after GC invocations=17 (full 0):
 garbage-first heap   total 260096K, used 139968K [0x00000000a0000000, 0x0000000100000000)
  region size 1024K, 7 young (7168K), 7 survivors (7168K)
 Metaspace       used 96382K, capacity 100177K, committed 100260K, reserved 1136640K
  class space    used 12372K, capacity 13598K, committed 13644K, reserved 1048576K
}

Deoptimization events (20 events):
Event: 34.624 Thread 0x000001e9f8f39800 Uncommon trap: trap_request=0xffffffc6 fr.pc=0x000001e9dd82c8f0 relative=0x00000000000003d0
Event: 34.624 Thread 0x000001e9f8f39800 Uncommon trap: reason=bimorphic_or_optimized_type_check action=maybe_recompile pc=0x000001e9dd82c8f0 method=org.gradle.internal.logging.sink.OutputEventRenderer.onOutput(Lorg/gradle/internal/logging/events/OutputEvent;)V @ 1 c2
Event: 34.624 Thread 0x000001e9f8f39800 DEOPT PACKING pc=0x000001e9dd82c8f0 sp=0x000000e6635fe700
Event: 34.624 Thread 0x000001e9f8f39800 DEOPT UNPACKING pc=0x000001e9d57c85af sp=0x000000e6635fe658 mode 2
Event: 34.625 Thread 0x000001e9f8f39800 Uncommon trap: trap_request=0xffffffc6 fr.pc=0x000001e9dd82c8f0 relative=0x00000000000003d0
Event: 34.625 Thread 0x000001e9f8f39800 Uncommon trap: reason=bimorphic_or_optimized_type_check action=maybe_recompile pc=0x000001e9dd82c8f0 method=org.gradle.internal.logging.sink.OutputEventRenderer.onOutput(Lorg/gradle/internal/logging/events/OutputEvent;)V @ 1 c2
Event: 34.625 Thread 0x000001e9f8f39800 DEOPT PACKING pc=0x000001e9dd82c8f0 sp=0x000000e6635fe5b0
Event: 34.625 Thread 0x000001e9f8f39800 DEOPT UNPACKING pc=0x000001e9d57c85af sp=0x000000e6635fe508 mode 2
Event: 34.625 Thread 0x000001e9f8f39800 Uncommon trap: trap_request=0xffffffc6 fr.pc=0x000001e9dd82c8f0 relative=0x00000000000003d0
Event: 34.625 Thread 0x000001e9f8f39800 Uncommon trap: reason=bimorphic_or_optimized_type_check action=maybe_recompile pc=0x000001e9dd82c8f0 method=org.gradle.internal.logging.sink.OutputEventRenderer.onOutput(Lorg/gradle/internal/logging/events/OutputEvent;)V @ 1 c2
Event: 34.625 Thread 0x000001e9f8f39800 DEOPT PACKING pc=0x000001e9dd82c8f0 sp=0x000000e6635fe5b0
Event: 34.625 Thread 0x000001e9f8f39800 DEOPT UNPACKING pc=0x000001e9d57c85af sp=0x000000e6635fe508 mode 2
Event: 34.625 Thread 0x000001e9f8f39800 Uncommon trap: trap_request=0xffffffc6 fr.pc=0x000001e9dd82c8f0 relative=0x00000000000003d0
Event: 34.625 Thread 0x000001e9f8f39800 Uncommon trap: reason=bimorphic_or_optimized_type_check action=maybe_recompile pc=0x000001e9dd82c8f0 method=org.gradle.internal.logging.sink.OutputEventRenderer.onOutput(Lorg/gradle/internal/logging/events/OutputEvent;)V @ 1 c2
Event: 34.625 Thread 0x000001e9f8f39800 DEOPT PACKING pc=0x000001e9dd82c8f0 sp=0x000000e6635fe5b0
Event: 34.625 Thread 0x000001e9f8f39800 DEOPT UNPACKING pc=0x000001e9d57c85af sp=0x000000e6635fe508 mode 2
Event: 34.625 Thread 0x000001e9f8f39800 Uncommon trap: trap_request=0xffffffc6 fr.pc=0x000001e9dd827ea4 relative=0x0000000000000324
Event: 34.625 Thread 0x000001e9f8f39800 Uncommon trap: reason=bimorphic_or_optimized_type_check action=maybe_recompile pc=0x000001e9dd827ea4 method=org.gradle.internal.logging.sink.OutputEventRenderer.onOutput(Lorg/gradle/internal/logging/events/OutputEvent;)V @ 1 c2
Event: 34.625 Thread 0x000001e9f8f39800 DEOPT PACKING pc=0x000001e9dd827ea4 sp=0x000000e6635fe550
Event: 34.625 Thread 0x000001e9f8f39800 DEOPT UNPACKING pc=0x000001e9d57c85af sp=0x000000e6635fe508 mode 2

Classes redefined (0 events):
No events

Internal exceptions (20 events):
Event: 16.955 Thread 0x000001e9eca6c800 Exception <a 'java/lang/ClassNotFoundException'{0x00000000acaf0130}: org/gradle/process/internal/DefaultExecActionBeanInfo> (0x00000000acaf0130) thrown at [./src/hotspot/share/classfile/systemDictionary.cpp, line 231]
Event: 16.955 Thread 0x000001e9eca6c800 Exception <a 'java/lang/ClassNotFoundException'{0x00000000ac9242a8}: org/gradle/process/internal/DefaultExecHandleBuilderBeanInfo> (0x00000000ac9242a8) thrown at [./src/hotspot/share/classfile/systemDictionary.cpp, line 231]
Event: 16.956 Thread 0x000001e9eca6c800 Exception <a 'java/lang/ClassNotFoundException'{0x00000000ac9586b8}: org/gradle/process/internal/AbstractExecHandleBuilderBeanInfo> (0x00000000ac9586b8) thrown at [./src/hotspot/share/classfile/systemDictionary.cpp, line 231]
Event: 16.956 Thread 0x000001e9eca6c800 Exception <a 'java/lang/ClassNotFoundException'{0x00000000ac98d1d8}: org/gradle/process/internal/DefaultProcessForkOptionsBeanInfo> (0x00000000ac98d1d8) thrown at [./src/hotspot/share/classfile/systemDictionary.cpp, line 231]
Event: 16.957 Thread 0x000001e9eca6c800 Exception <a 'java/lang/ClassNotFoundException'{0x00000000ac9c2078}: org/gradle/process/internal/DefaultProcessForkOptionsCustomizer> (0x00000000ac9c2078) thrown at [./src/hotspot/share/classfile/systemDictionary.cpp, line 231]
Event: 17.005 Thread 0x000001e9eca6c800 Exception <a 'java/lang/ClassNotFoundException'{0x00000000ac804830}: org/gradle/process/internal/AbstractExecHandleBuilderCustomizer> (0x00000000ac804830) thrown at [./src/hotspot/share/classfile/systemDictionary.cpp, line 231]
Event: 17.006 Thread 0x000001e9eca6c800 Exception <a 'java/lang/ClassNotFoundException'{0x00000000ac84b260}: org/gradle/process/internal/DefaultExecHandleBuilderCustomizer> (0x00000000ac84b260) thrown at [./src/hotspot/share/classfile/systemDictionary.cpp, line 231]
Event: 17.007 Thread 0x000001e9eca6c800 Exception <a 'java/lang/ClassNotFoundException'{0x00000000ac8aa1c8}: org/gradle/process/internal/DefaultExecActionCustomizer> (0x00000000ac8aa1c8) thrown at [./src/hotspot/share/classfile/systemDictionary.cpp, line 231]
Event: 17.008 Thread 0x000001e9eca6c800 Exception <a 'java/lang/ClassNotFoundException'{0x00000000ac8e7b28}: org/gradle/process/internal/DefaultExecAction_DecoratedCustomizer> (0x00000000ac8e7b28) thrown at [./src/hotspot/share/classfile/systemDictionary.cpp, line 231]
Event: 17.010 Thread 0x000001e9eca6c800 Exception <a 'java/lang/ClassNotFoundException'{0x00000000ac743fd0}: org/gradle/api/logging/LogLevelBeanInfo> (0x00000000ac743fd0) thrown at [./src/hotspot/share/classfile/systemDictionary.cpp, line 231]
Event: 17.010 Thread 0x000001e9eca6c800 Exception <a 'java/lang/ClassNotFoundException'{0x00000000ac76f1d8}: org/gradle/api/logging/LogLevelCustomizer> (0x00000000ac76f1d8) thrown at [./src/hotspot/share/classfile/systemDictionary.cpp, line 231]
Event: 17.014 Thread 0x000001e9eca6c800 Exception <a 'java/lang/ClassNotFoundException'{0x00000000ac7e35b0}: org/gradle/internal/logging/services/DefaultLoggingManagerBeanInfo> (0x00000000ac7e35b0) thrown at [./src/hotspot/share/classfile/systemDictionary.cpp, line 231]
Event: 17.015 Thread 0x000001e9eca6c800 Exception <a 'java/lang/ClassNotFoundException'{0x00000000ac618ef8}: org/gradle/internal/logging/services/DefaultLoggingManagerCustomizer> (0x00000000ac618ef8) thrown at [./src/hotspot/share/classfile/systemDictionary.cpp, line 231]
Event: 17.017 Thread 0x000001e9eca6c800 Exception <a 'java/lang/ClassNotFoundException'{0x00000000ac655968}: java/lang/BooleanBeanInfo> (0x00000000ac655968) thrown at [./src/hotspot/share/classfile/systemDictionary.cpp, line 231]
Event: 17.017 Thread 0x000001e9eca6c800 Exception <a 'java/lang/ClassNotFoundException'{0x00000000ac65fb30}: java/lang/BooleanCustomizer> (0x00000000ac65fb30) thrown at [./src/hotspot/share/classfile/systemDictionary.cpp, line 231]
Event: 17.029 Thread 0x000001e9f8f38000 Exception <a 'java/lang/NoSuchMethodError'{0x00000000ac6c4730}: 'void java.lang.invoke.DirectMethodHandle$Holder.invokeStatic(java.lang.Object, long)'> (0x00000000ac6c4730) thrown at [./src/hotspot/share/interpreter/linkResolver.cpp, line 773]
Event: 17.029 Thread 0x000001e9f8f38000 Exception <a 'java/lang/NoSuchMethodError'{0x00000000ac6c98f0}: 'java.lang.Object java.lang.invoke.DirectMethodHandle$Holder.invokeStatic(java.lang.Object, long)'> (0x00000000ac6c98f0) thrown at [./src/hotspot/share/interpreter/linkResolver.cpp, line 773]
Event: 17.031 Thread 0x000001e9f8f38000 Exception <a 'java/lang/NoSuchMethodError'{0x00000000ac6d8038}: 'java.lang.Object java.lang.invoke.DirectMethodHandle$Holder.invokeStaticInit(java.lang.Object, java.lang.Object, long, java.lang.Object)'> (0x00000000ac6d8038) thrown at [./src/hotspot/share/interpreter/linkResolver.cpp, line 773]
Event: 17.031 Thread 0x000001e9f8f38000 Exception <a 'java/lang/NoSuchMethodError'{0x00000000ac6de198}: 'java.lang.Object java.lang.invoke.DirectMethodHandle$Holder.invokeStatic(java.lang.Object, java.lang.Object, long)'> (0x00000000ac6de198) thrown at [./src/hotspot/share/interpreter/linkResolver.cpp, line 773]
Event: 17.032 Thread 0x000001e9f8f38000 Exception <a 'java/lang/NoSuchMethodError'{0x00000000ac6e46a8}: 'java.lang.Object java.lang.invoke.Invokers$Holder.linkToTargetMethod(java.lang.Object, long, java.lang.Object)'> (0x00000000ac6e46a8) thrown at [./src/hotspot/share/interpreter/linkResolver.cpp, line 773]

Events (20 events):
Event: 17.023 loading class java/lang/ProcessImpl done
Event: 17.030 loading class java/lang/ProcessHandleImpl
Event: 17.030 loading class java/lang/ProcessHandleImpl done
Event: 17.032 loading class java/lang/ProcessImpl$2
Event: 17.032 loading class java/lang/ProcessImpl$2 done
Event: 17.032 loading class java/lang/Process$PipeInputStream
Event: 17.032 loading class java/lang/Process$PipeInputStream done
Event: 17.032 Executing VM operation: Deoptimize
Event: 17.034 Executing VM operation: Deoptimize done
Event: 17.034 loading class org/gradle/process/internal/streams/ExecOutputHandleRunner
Event: 17.034 loading class org/gradle/process/internal/streams/ExecOutputHandleRunner done
Event: 17.035 Thread 0x000001e9f8f39800 Thread added: 0x000001e9f8f39800
Event: 17.035 Thread 0x000001e9f8f38800 Thread added: 0x000001e9f8f38800
Event: 17.357 Thread 0x000001e9ee442800 Thread exited: 0x000001e9ee442800
Event: 34.623 loading class org/gradle/internal/logging/events/StyledTextOutputEvent$Span
Event: 34.623 loading class org/gradle/internal/logging/events/StyledTextOutputEvent$Span done
Event: 34.623 loading class org/gradle/internal/logging/events/operations/StyledTextBuildOperationProgressDetails$Span
Event: 34.623 loading class org/gradle/internal/logging/events/operations/StyledTextBuildOperationProgressDetails$Span done
Event: 34.623 loading class org/gradle/internal/operations/logging/StyledTextBuildOperationProgressDetails$Span
Event: 34.623 loading class org/gradle/internal/operations/logging/StyledTextBuildOperationProgressDetails$Span done


Dynamic libraries:
0x00007ff7d86b0000 - 0x00007ff7d86ba000 	C:\Program Files\Android\Android Studio\jre\bin\java.exe
0x00007ff869070000 - 0x00007ff869284000 	C:\WINDOWS\SYSTEM32\ntdll.dll
0x00007ff868790000 - 0x00007ff868852000 	C:\WINDOWS\System32\KERNEL32.DLL
0x00007ff866980000 - 0x00007ff866d1c000 	C:\WINDOWS\System32\KERNELBASE.dll
0x00007ff8665b0000 - 0x00007ff8666c1000 	C:\WINDOWS\System32\ucrtbase.dll
0x00007ff8598f0000 - 0x00007ff859909000 	C:\Program Files\Android\Android Studio\jre\bin\jli.dll
0x00007ff8685e0000 - 0x00007ff86878a000 	C:\WINDOWS\System32\USER32.dll
0x00007ff866e40000 - 0x00007ff866e66000 	C:\WINDOWS\System32\win32u.dll
0x00007ff868a40000 - 0x00007ff868a69000 	C:\WINDOWS\System32\GDI32.dll
0x00007ff866d20000 - 0x00007ff866e32000 	C:\WINDOWS\System32\gdi32full.dll
0x00007ff8664a0000 - 0x00007ff86653a000 	C:\WINDOWS\System32\msvcp_win.dll
0x00007ff859050000 - 0x00007ff859067000 	C:\Program Files\Android\Android Studio\jre\bin\VCRUNTIME140.dll
0x00007ff847e70000 - 0x00007ff8480fe000 	C:\WINDOWS\WinSxS\amd64_microsoft.windows.common-controls_6595b64144ccf1df_6.0.22621.608_none_a9444ca7c10bb01d\COMCTL32.dll
0x00007ff868910000 - 0x00007ff8689b7000 	C:\WINDOWS\System32\msvcrt.dll
0x00007ff867670000 - 0x00007ff8676a1000 	C:\WINDOWS\System32\IMM32.DLL
0x00007ff8064b0000 - 0x00007ff80654d000 	C:\Program Files\Android\Android Studio\jre\bin\msvcp140.dll
0x00007fffd6dd0000 - 0x00007fffd78d2000 	C:\Program Files\Android\Android Studio\jre\bin\server\jvm.dll
0x00007ff868a70000 - 0x00007ff868b1e000 	C:\WINDOWS\System32\ADVAPI32.dll
0x00007ff868860000 - 0x00007ff868904000 	C:\WINDOWS\System32\sechost.dll
0x00007ff868f10000 - 0x00007ff869025000 	C:\WINDOWS\System32\RPCRT4.dll
0x00007ff867660000 - 0x00007ff867668000 	C:\WINDOWS\System32\PSAPI.DLL
0x00007ff85ac60000 - 0x00007ff85ac69000 	C:\WINDOWS\SYSTEM32\WSOCK32.dll
0x00007ff868490000 - 0x00007ff868501000 	C:\WINDOWS\System32\WS2_32.dll
0x00007ff85d390000 - 0x00007ff85d39a000 	C:\WINDOWS\SYSTEM32\VERSION.dll
0x00007ff85ca60000 - 0x00007ff85ca94000 	C:\WINDOWS\SYSTEM32\WINMM.dll
0x00007ff865610000 - 0x00007ff865628000 	C:\WINDOWS\SYSTEM32\kernel.appcore.dll
0x00007ff858860000 - 0x00007ff858871000 	C:\Program Files\Android\Android Studio\jre\bin\verify.dll
0x00007ff863f80000 - 0x00007ff8641ae000 	C:\WINDOWS\SYSTEM32\DBGHELP.DLL
0x00007ff8678c0000 - 0x00007ff867c49000 	C:\WINDOWS\System32\combase.dll
0x00007ff866e70000 - 0x00007ff866f47000 	C:\WINDOWS\System32\OLEAUT32.dll
0x00007ff85a790000 - 0x00007ff85a7c2000 	C:\WINDOWS\SYSTEM32\dbgcore.DLL
0x00007ff8666d0000 - 0x00007ff86674b000 	C:\WINDOWS\System32\bcryptPrimitives.dll
0x00007ff858830000 - 0x00007ff858859000 	C:\Program Files\Android\Android Studio\jre\bin\java.dll
0x00007ff858ff0000 - 0x00007ff858ffb000 	C:\Program Files\Android\Android Studio\jre\bin\jimage.dll
0x00007ff858810000 - 0x00007ff858828000 	C:\Program Files\Android\Android Studio\jre\bin\zip.dll
0x00007ff867c50000 - 0x00007ff86842d000 	C:\WINDOWS\System32\SHELL32.dll
0x00007ff864510000 - 0x00007ff864dc7000 	C:\WINDOWS\SYSTEM32\windows.storage.dll
0x00007ff8643d0000 - 0x00007ff86450d000 	C:\WINDOWS\SYSTEM32\wintypes.dll
0x00007ff868b20000 - 0x00007ff868c11000 	C:\WINDOWS\System32\SHCORE.dll
0x00007ff868430000 - 0x00007ff86848e000 	C:\WINDOWS\System32\shlwapi.dll
0x00007ff8663d0000 - 0x00007ff8663f1000 	C:\WINDOWS\SYSTEM32\profapi.dll
0x00007ff856590000 - 0x00007ff8565aa000 	C:\Program Files\Android\Android Studio\jre\bin\net.dll
0x00007ff85e390000 - 0x00007ff85e4bf000 	C:\WINDOWS\SYSTEM32\WINHTTP.dll
0x00007ff865a70000 - 0x00007ff865ad9000 	C:\WINDOWS\system32\mswsock.dll
0x00007ff8519a0000 - 0x00007ff8519b4000 	C:\Program Files\Android\Android Studio\jre\bin\nio.dll
0x00007ff832060000 - 0x00007ff832087000 	C:\Users\sarat\.gradle\native\e1d6ef7f7dcc3fd88c89a11ec53ec762bb8ba0a96d01ffa2cd45eb1d1d8dd5c5\windows-amd64\native-platform.dll
0x00007fffe25b0000 - 0x00007fffe26f4000 	C:\Users\sarat\.gradle\native\0d407fdbe67a94daf76414ababcb853783967236a71b16ec16e742cd7a986fd3\windows-amd64\native-platform-file-events.dll
0x00007ff85aca0000 - 0x00007ff85acaa000 	C:\Program Files\Android\Android Studio\jre\bin\management.dll
0x00007ff85ac90000 - 0x00007ff85ac9d000 	C:\Program Files\Android\Android Studio\jre\bin\management_ext.dll
0x00007ff865cc0000 - 0x00007ff865cdb000 	C:\WINDOWS\SYSTEM32\CRYPTSP.dll
0x00007ff865580000 - 0x00007ff8655b5000 	C:\WINDOWS\system32\rsaenh.dll
0x00007ff865b60000 - 0x00007ff865b88000 	C:\WINDOWS\SYSTEM32\USERENV.dll
0x00007ff865e70000 - 0x00007ff865e98000 	C:\WINDOWS\SYSTEM32\bcrypt.dll
0x00007ff865cb0000 - 0x00007ff865cbc000 	C:\WINDOWS\SYSTEM32\CRYPTBASE.dll
0x00007ff865090000 - 0x00007ff8650bd000 	C:\WINDOWS\SYSTEM32\IPHLPAPI.DLL
0x00007ff8685d0000 - 0x00007ff8685d9000 	C:\WINDOWS\System32\NSI.dll
0x00007ff85e260000 - 0x00007ff85e279000 	C:\WINDOWS\SYSTEM32\dhcpcsvc6.DLL
0x00007ff85e240000 - 0x00007ff85e25f000 	C:\WINDOWS\SYSTEM32\dhcpcsvc.DLL
0x00007ff8650c0000 - 0x00007ff8651b2000 	C:\WINDOWS\SYSTEM32\DNSAPI.dll

dbghelp: loaded successfully - version: 4.0.5 - missing functions: none
symbol engine: initialized successfully - sym options: 0x614 - pdb path: .;C:\Program Files\Android\Android Studio\jre\bin;C:\WINDOWS\SYSTEM32;C:\WINDOWS\WinSxS\amd64_microsoft.windows.common-controls_6595b64144ccf1df_6.0.22621.608_none_a9444ca7c10bb01d;C:\Program Files\Android\Android Studio\jre\bin\server;C:\Users\sarat\.gradle\native\e1d6ef7f7dcc3fd88c89a11ec53ec762bb8ba0a96d01ffa2cd45eb1d1d8dd5c5\windows-amd64;C:\Users\sarat\.gradle\native\0d407fdbe67a94daf76414ababcb853783967236a71b16ec16e742cd7a986fd3\windows-amd64

VM Arguments:
jvm_args: --add-opens=java.base/java.util=ALL-UNNAMED --add-opens=java.base/java.lang=ALL-UNNAMED --add-opens=java.base/java.lang.invoke=ALL-UNNAMED --add-opens=java.base/java.util=ALL-UNNAMED --add-opens=java.prefs/java.util.prefs=ALL-UNNAMED --add-opens=java.prefs/java.util.prefs=ALL-UNNAMED --add-opens=java.base/java.nio.charset=ALL-UNNAMED --add-opens=java.base/java.net=ALL-UNNAMED --add-opens=java.base/java.util.concurrent.atomic=ALL-UNNAMED -Xmx1536M -Dfile.encoding=windows-1252 -Duser.country=IN -Duser.language=en -Duser.variant 
java_command: org.gradle.launcher.daemon.bootstrap.GradleDaemon 7.4
java_class_path (initial): C:\Users\sarat\.gradle\wrapper\dists\gradle-7.4-all\aadb4xli5jkdsnukm30eibyiu\gradle-7.4\lib\gradle-launcher-7.4.jar
Launcher Type: SUN_STANDARD

[Global flags]
     intx CICompilerCount                          = 4                                         {product} {ergonomic}
     uint ConcGCThreads                            = 2                                         {product} {ergonomic}
     uint G1ConcRefinementThreads                  = 8                                         {product} {ergonomic}
   size_t G1HeapRegionSize                         = 1048576                                   {product} {ergonomic}
    uintx GCDrainStackTargetSize                   = 64                                        {product} {ergonomic}
   size_t InitialHeapSize                          = 266338304                                 {product} {ergonomic}
   size_t MarkStackSize                            = 4194304                                   {product} {ergonomic}
   size_t MaxHeapSize                              = 1610612736                                {product} {command line}
   size_t MaxNewSize                               = 965738496                                 {product} {ergonomic}
   size_t MinHeapDeltaBytes                        = 1048576                                   {product} {ergonomic}
    uintx NonNMethodCodeHeapSize                   = 5836300                                {pd product} {ergonomic}
    uintx NonProfiledCodeHeapSize                  = 122910970                              {pd product} {ergonomic}
    uintx ProfiledCodeHeapSize                     = 122910970                              {pd product} {ergonomic}
    uintx ReservedCodeCacheSize                    = 251658240                              {pd product} {ergonomic}
     bool SegmentedCodeCache                       = true                                      {product} {ergonomic}
     bool UseCompressedClassPointers               = true                                 {lp64_product} {ergonomic}
     bool UseCompressedOops                        = true                                 {lp64_product} {ergonomic}
     bool UseG1GC                                  = true                                      {product} {ergonomic}
     bool UseLargePagesIndividualAllocation        = false                                  {pd product} {ergonomic}

Logging:
Log output configuration:
 #0: stdout all=warning uptime,level,tags
 #1: stderr all=off uptime,level,tags

Environment Variables:
JAVA_HOME=C:\Program Files\Android\Android Studio\jre
CLASSPATH=D:\app\android\\gradle\wrapper\gradle-wrapper.jar
PATH=C:\Program Files\Common Files\Oracle\Java\javapath;D:\app\sarat\product\11.2.0\dbhome_1\bin;C:\WINDOWS\system32;C:\WINDOWS;C:\WINDOWS\System32\Wbem;C:\WINDOWS\System32\WindowsPowerShell\v1.0\;C:\WINDOWS\System32\OpenSSH\;D:\Softwares\flutter\bin;C:\Program Files\Git\cmd;C:\Users\sarat\AppData\Local\Microsoft\WindowsApps;C:\Program Files\apache-maven-3.8.6\bin;C:\Program Files\Java\jdk-17.0.4\bin;C:\src\flutter\bin;C:\Gradle\gradle-7.5-all\gradle-7.5\bin;
USERNAME=sarat
OS=Windows_NT
PROCESSOR_IDENTIFIER=Intel64 Family 6 Model 140 Stepping 1, GenuineIntel



---------------  S Y S T E M  ---------------

OS: Windows 11 , 64 bit Build 22621 (10.0.22621.608)
OS uptime: 9 days 8:54 hours

CPU:total 8 (initial active 8) (4 cores per cpu, 2 threads per core) family 6 model 140 stepping 1 microcode 0x78, cmov, cx8, fxsr, mmx, sse, sse2, sse3, ssse3, sse4.1, sse4.2, popcnt, avx, avx2, aes, clmul, erms, 3dnowpref, lzcnt, ht, tsc, tscinvbit, bmi1, bmi2, adx, evex, sha, fma

Memory: 4k page, system-wide physical 16167M (233M free)
TotalPageFile size 34917M (AvailPageFile size 0M)
current process WorkingSet (physical memory assigned to process): 529M, peak: 565M
current process commit charge ("private bytes"): 585M, peak: 612M

vm_info: OpenJDK 64-Bit Server VM (11.0.13+0-b1751.21-8125866) for windows-amd64 JRE (11.0.13+0-b1751.21-8125866), built on Feb  2 2022 03:00:22 by "builder" with MS VC++ 14.0 (VS2015)

END.
